{"/Users/samrod/Sites/daisy/packages/web/src/lib/audio.ts": {"path":"/Users/samrod/Sites/daisy/packages/web/src/lib/audio.ts","statementMap":{"0":{"start":{"line":9,"column":24},"end":{"line":14,"column":1}},"1":{"start":{"line":10,"column":2},"end":{"line":12,"column":3}},"2":{"start":{"line":11,"column":4},"end":{"line":11,"column":82}},"3":{"start":{"line":13,"column":2},"end":{"line":13,"column":28}},"4":{"start":{"line":16,"column":25},"end":{"line":31,"column":1}},"5":{"start":{"line":19,"column":2},"end":{"line":19,"column":null}},"6":{"start":{"line":24,"column":17},"end":{"line":24,"column":39}},"7":{"start":{"line":25,"column":23},"end":{"line":25,"column":47}},"8":{"start":{"line":26,"column":2},"end":{"line":26,"column":33}},"9":{"start":{"line":27,"column":2},"end":{"line":27,"column":23}},"10":{"start":{"line":28,"column":2},"end":{"line":28,"column":59}},"11":{"start":{"line":29,"column":2},"end":{"line":29,"column":31}},"12":{"start":{"line":30,"column":2},"end":{"line":30,"column":34}},"13":{"start":{"line":33,"column":22},"end":{"line":45,"column":1}},"14":{"start":{"line":39,"column":17},"end":{"line":39,"column":21}},"15":{"start":{"line":40,"column":18},"end":{"line":40,"column":22}},"16":{"start":{"line":41,"column":2},"end":{"line":41,"column":39}},"17":{"start":{"line":42,"column":2},"end":{"line":42,"column":60}},"18":{"start":{"line":43,"column":2},"end":{"line":43,"column":70}},"19":{"start":{"line":44,"column":2},"end":{"line":44,"column":71}},"20":{"start":{"line":47,"column":28},"end":{"line":74,"column":1}},"21":{"start":{"line":59,"column":2},"end":{"line":59,"column":29}},"22":{"start":{"line":60,"column":2},"end":{"line":60,"column":32}},"23":{"start":{"line":61,"column":2},"end":{"line":61,"column":46}},"24":{"start":{"line":63,"column":2},"end":{"line":72,"column":3}},"25":{"start":{"line":64,"column":22},"end":{"line":64,"column":43}},"26":{"start":{"line":65,"column":4},"end":{"line":65,"column":63}},"27":{"start":{"line":67,"column":4},"end":{"line":67,"column":31}},"28":{"start":{"line":68,"column":4},"end":{"line":68,"column":30}},"29":{"start":{"line":70,"column":4},"end":{"line":70,"column":36}},"30":{"start":{"line":71,"column":4},"end":{"line":71,"column":31}},"31":{"start":{"line":73,"column":2},"end":{"line":73,"column":30}},"32":{"start":{"line":76,"column":29},"end":{"line":103,"column":2}},"33":{"start":{"line":77,"column":2},"end":{"line":77,"column":6}},"34":{"start":{"line":77,"column":6},"end":{"line":77,"column":null}},"35":{"start":{"line":78,"column":2},"end":{"line":78,"column":7}},"36":{"start":{"line":78,"column":7},"end":{"line":78,"column":null}},"37":{"start":{"line":79,"column":2},"end":{"line":79,"column":6}},"38":{"start":{"line":79,"column":6},"end":{"line":79,"column":null}},"39":{"start":{"line":80,"column":2},"end":{"line":80,"column":10}},"40":{"start":{"line":80,"column":10},"end":{"line":80,"column":null}},"41":{"start":{"line":81,"column":2},"end":{"line":81,"column":8}},"42":{"start":{"line":81,"column":8},"end":{"line":81,"column":null}},"43":{"start":{"line":83,"column":8},"end":{"line":83,"column":32}},"44":{"start":{"line":84,"column":6},"end":{"line":84,"column":9}},"45":{"start":{"line":84,"column":33},"end":{"line":84,"column":52}},"46":{"start":{"line":86,"column":8},"end":{"line":86,"column":30}},"47":{"start":{"line":87,"column":8},"end":{"line":87,"column":35}},"48":{"start":{"line":88,"column":8},"end":{"line":88,"column":31}},"49":{"start":{"line":98,"column":2},"end":{"line":98,"column":48}},"50":{"start":{"line":98,"column":15},"end":{"line":98,"column":48}},"51":{"start":{"line":99,"column":2},"end":{"line":99,"column":48}},"52":{"start":{"line":99,"column":15},"end":{"line":99,"column":48}},"53":{"start":{"line":101,"column":2},"end":{"line":101,"column":20}},"54":{"start":{"line":102,"column":2},"end":{"line":102,"column":37}},"55":{"start":{"line":76,"column":13},"end":{"line":76,"column":29}},"56":{"start":{"line":105,"column":50},"end":{"line":105,"column":52}},"57":{"start":{"line":106,"column":24},"end":{"line":132,"column":1}},"58":{"start":{"line":106,"column":44},"end":{"line":106,"column":60}},"59":{"start":{"line":106,"column":60},"end":{"line":106,"column":null}},"60":{"start":{"line":107,"column":14},"end":{"line":107,"column":57}},"61":{"start":{"line":108,"column":2},"end":{"line":108,"column":50}},"62":{"start":{"line":108,"column":25},"end":{"line":108,"column":50}},"63":{"start":{"line":110,"column":21},"end":{"line":110,"column":35}},"64":{"start":{"line":111,"column":25},"end":{"line":111,"column":48}},"65":{"start":{"line":112,"column":17},"end":{"line":112,"column":56}},"66":{"start":{"line":114,"column":18},"end":{"line":114,"column":57}},"67":{"start":{"line":115,"column":12},"end":{"line":115,"column":37}},"68":{"start":{"line":116,"column":12},"end":{"line":116,"column":37}},"69":{"start":{"line":118,"column":16},"end":{"line":118,"column":57}},"70":{"start":{"line":120,"column":2},"end":{"line":128,"column":3}},"71":{"start":{"line":120,"column":15},"end":{"line":120,"column":16}},"72":{"start":{"line":121,"column":14},"end":{"line":121,"column":38}},"73":{"start":{"line":122,"column":16},"end":{"line":122,"column":47}},"74":{"start":{"line":123,"column":19},"end":{"line":123,"column":33}},"75":{"start":{"line":124,"column":18},"end":{"line":124,"column":50}},"76":{"start":{"line":126,"column":4},"end":{"line":126,"column":17}},"77":{"start":{"line":127,"column":4},"end":{"line":127,"column":17}},"78":{"start":{"line":130,"column":2},"end":{"line":130,"column":30}},"79":{"start":{"line":131,"column":2},"end":{"line":131,"column":17}}},"fnMap":{"0":{"name":"(anonymous_13)","decl":{"start":{"line":9,"column":24},"end":{"line":9,"column":null}},"loc":{"start":{"line":9,"column":24},"end":{"line":14,"column":1}}},"1":{"name":"(anonymous_14)","decl":{"start":{"line":16,"column":25},"end":{"line":16,"column":null}},"loc":{"start":{"line":19,"column":10},"end":{"line":31,"column":1}}},"2":{"name":"(anonymous_15)","decl":{"start":{"line":33,"column":22},"end":{"line":33,"column":null}},"loc":{"start":{"line":37,"column":18},"end":{"line":45,"column":1}}},"3":{"name":"(anonymous_16)","decl":{"start":{"line":47,"column":28},"end":{"line":47,"column":null}},"loc":{"start":{"line":54,"column":13},"end":{"line":74,"column":1}}},"4":{"name":"(anonymous_17)","decl":{"start":{"line":76,"column":29},"end":{"line":76,"column":36}},"loc":{"start":{"line":76,"column":29},"end":{"line":103,"column":2}}},"5":{"name":"(anonymous_20)","decl":{"start":{"line":106,"column":24},"end":{"line":106,"column":25}},"loc":{"start":{"line":106,"column":75},"end":{"line":132,"column":1}}}},"branchMap":{"0":{"loc":{"start":{"line":10,"column":2},"end":{"line":12,"column":3}},"type":"if","locations":[{"start":{"line":10,"column":2},"end":{"line":12,"column":3}},{"start":{},"end":{}}]},"1":{"loc":{"start":{"line":11,"column":30},"end":{"line":11,"column":78}},"type":"binary-expr","locations":[{"start":{"line":11,"column":30},"end":{"line":11,"column":49}},{"start":{"line":11,"column":53},"end":{"line":11,"column":78}}]},"2":{"loc":{"start":{"line":19,"column":2},"end":{"line":19,"column":null}},"type":"if","locations":[{"start":{"line":19,"column":2},"end":{"line":19,"column":null}},{"start":{},"end":{}}]},"3":{"loc":{"start":{"line":63,"column":2},"end":{"line":72,"column":3}},"type":"if","locations":[{"start":{"line":63,"column":2},"end":{"line":72,"column":3}},{"start":{},"end":{}}]},"4":{"loc":{"start":{"line":77,"column":6},"end":{"line":77,"column":null}},"type":"cond-expr","locations":[{"start":{"line":77,"column":9},"end":{"line":77,"column":10}},{"start":{"line":77,"column":10},"end":{"line":77,"column":null}}]},"5":{"loc":{"start":{"line":78,"column":7},"end":{"line":78,"column":null}},"type":"cond-expr","locations":[{"start":{"line":78,"column":10},"end":{"line":78,"column":13}},{"start":{"line":78,"column":13},"end":{"line":78,"column":null}}]},"6":{"loc":{"start":{"line":79,"column":6},"end":{"line":79,"column":null}},"type":"cond-expr","locations":[{"start":{"line":79,"column":9},"end":{"line":79,"column":12}},{"start":{"line":79,"column":12},"end":{"line":79,"column":null}}]},"7":{"loc":{"start":{"line":80,"column":10},"end":{"line":80,"column":null}},"type":"cond-expr","locations":[{"start":{"line":80,"column":13},"end":{"line":80,"column":16}},{"start":{"line":80,"column":16},"end":{"line":80,"column":null}}]},"8":{"loc":{"start":{"line":81,"column":8},"end":{"line":81,"column":null}},"type":"cond-expr","locations":[{"start":{"line":81,"column":11},"end":{"line":81,"column":12}},{"start":{"line":81,"column":12},"end":{"line":81,"column":null}}]},"9":{"loc":{"start":{"line":84,"column":6},"end":{"line":84,"column":9}},"type":"if","locations":[{"start":{"line":84,"column":6},"end":{"line":84,"column":9}},{"start":{},"end":{}}]},"10":{"loc":{"start":{"line":98,"column":2},"end":{"line":98,"column":48}},"type":"if","locations":[{"start":{"line":98,"column":2},"end":{"line":98,"column":48}},{"start":{},"end":{}}]},"11":{"loc":{"start":{"line":99,"column":2},"end":{"line":99,"column":48}},"type":"if","locations":[{"start":{"line":99,"column":2},"end":{"line":99,"column":48}},{"start":{},"end":{}}]},"12":{"loc":{"start":{"line":106,"column":44},"end":{"line":106,"column":60}},"type":"if","locations":[{"start":{"line":106,"column":44},"end":{"line":106,"column":60}},{"start":{},"end":{}}]},"13":{"loc":{"start":{"line":106,"column":60},"end":{"line":106,"column":null}},"type":"if","locations":[{"start":{"line":106,"column":60},"end":{"line":106,"column":null}},{"start":{},"end":{}}]},"14":{"loc":{"start":{"line":107,"column":40},"end":{"line":107,"column":55}},"type":"cond-expr","locations":[{"start":{"line":107,"column":50},"end":{"line":107,"column":51}},{"start":{"line":107,"column":54},"end":{"line":107,"column":55}}]},"15":{"loc":{"start":{"line":108,"column":2},"end":{"line":108,"column":50}},"type":"if","locations":[{"start":{"line":108,"column":2},"end":{"line":108,"column":50}},{"start":{},"end":{}}]},"16":{"loc":{"start":{"line":121,"column":14},"end":{"line":121,"column":38}},"type":"cond-expr","locations":[{"start":{"line":121,"column":24},"end":{"line":121,"column":34}},{"start":{"line":121,"column":37},"end":{"line":121,"column":38}}]}},"s":{"0":1,"1":3,"2":3,"3":3,"4":1,"5":3,"6":3,"7":3,"8":3,"9":3,"10":3,"11":3,"12":3,"13":1,"14":3,"15":3,"16":3,"17":3,"18":3,"19":3,"20":1,"21":3,"22":3,"23":3,"24":3,"25":1,"26":1,"27":1,"28":1,"29":1,"30":1,"31":3,"32":4,"33":3,"34":3,"35":3,"36":3,"37":3,"38":3,"39":3,"40":3,"41":3,"42":3,"43":3,"44":5,"45":2,"46":3,"47":3,"48":3,"49":3,"50":3,"51":3,"52":1,"53":3,"54":3,"55":1,"56":1,"57":1,"58":1,"59":1,"60":1,"61":1,"62":0,"63":1,"64":1,"65":1,"66":1,"67":1,"68":1,"69":1,"70":1,"71":1,"72":44100,"73":44100,"74":44100,"75":44100,"76":44100,"77":44100,"78":1,"79":1},"f":{"0":3,"1":3,"2":3,"3":3,"4":6,"5":1},"b":{"0":[3,0],"1":[3,0],"2":[0,3],"3":[1,2],"4":[0,3],"5":[0,3],"6":[0,3],"7":[0,3],"8":[0,3],"9":[2,1],"10":[3,0],"11":[1,2],"12":[0,1],"13":[0,1],"14":[1,0],"15":[0,1],"16":[44100,0]}}
,"/Users/samrod/Sites/daisy/packages/web/src/lib/authHandlers.ts": {"path":"/Users/samrod/Sites/daisy/packages/web/src/lib/authHandlers.ts","statementMap":{"0":{"start":{"line":2,"column":0},"end":{"line":2,"column":null}},"1":{"start":{"line":12,"column":0},"end":{"line":12,"column":29}},"2":{"start":{"line":13,"column":0},"end":{"line":13,"column":90}},"3":{"start":{"line":27,"column":31},"end":{"line":27,"column":62}},"4":{"start":{"line":27,"column":61},"end":{"line":56,"column":3}},"5":{"start":{"line":29,"column":16},"end":{"line":29,"column":null}},"6":{"start":{"line":30,"column":47},"end":{"line":33,"column":null}},"7":{"start":{"line":31,"column":17},"end":{"line":31,"column":null}},"8":{"start":{"line":31,"column":10},"end":{"line":31,"column":null}},"9":{"start":{"line":32,"column":4},"end":{"line":32,"column":23}},"10":{"start":{"line":34,"column":48},"end":{"line":37,"column":null}},"11":{"start":{"line":35,"column":20},"end":{"line":35,"column":null}},"12":{"start":{"line":35,"column":10},"end":{"line":35,"column":null}},"13":{"start":{"line":36,"column":4},"end":{"line":36,"column":36}},"14":{"start":{"line":39,"column":4},"end":{"line":39,"column":36}},"15":{"start":{"line":40,"column":4},"end":{"line":40,"column":33}},"16":{"start":{"line":42,"column":37},"end":{"line":42,"column":null}},"17":{"start":{"line":42,"column":42},"end":{"line":42,"column":null}},"18":{"start":{"line":43,"column":40},"end":{"line":43,"column":null}},"19":{"start":{"line":45,"column":30},"end":{"line":45,"column":32}},"20":{"start":{"line":45,"column":43},"end":{"line":45,"column":45}},"21":{"start":{"line":45,"column":55},"end":{"line":45,"column":75}},"22":{"start":{"line":45,"column":99},"end":{"line":55,"column":null}},"23":{"start":{"line":46,"column":28},"end":{"line":46,"column":61}},"24":{"start":{"line":47,"column":6},"end":{"line":47,"column":29}},"25":{"start":{"line":49,"column":31},"end":{"line":49,"column":64}},"26":{"start":{"line":50,"column":6},"end":{"line":50,"column":32}},"27":{"start":{"line":52,"column":30},"end":{"line":52,"column":63}},"28":{"start":{"line":53,"column":6},"end":{"line":53,"column":31}},"29":{"start":{"line":27,"column":13},"end":{"line":27,"column":31}}},"fnMap":{"0":{"name":"(anonymous_13)","decl":{"start":{"line":27,"column":31},"end":{"line":27,"column":32}},"loc":{"start":{"line":27,"column":56},"end":{"line":27,"column":62}}},"1":{"name":"(anonymous_14)","decl":{"start":{"line":29,"column":10},"end":{"line":29,"column":16}},"loc":{"start":{"line":29,"column":10},"end":{"line":29,"column":23}}},"2":{"name":"(anonymous_15)","decl":{"start":{"line":30,"column":9},"end":{"line":30,"column":16}},"loc":{"start":{"line":30,"column":47},"end":{"line":33,"column":null}}},"3":{"name":"(anonymous_16)","decl":{"start":{"line":30,"column":47},"end":{"line":30,"column":null}},"loc":{"start":{"line":30,"column":47},"end":{"line":33,"column":null}}},"4":{"name":"(anonymous_18)","decl":{"start":{"line":34,"column":10},"end":{"line":34,"column":17}},"loc":{"start":{"line":34,"column":48},"end":{"line":37,"column":null}}},"5":{"name":"(anonymous_19)","decl":{"start":{"line":34,"column":48},"end":{"line":34,"column":null}},"loc":{"start":{"line":34,"column":48},"end":{"line":37,"column":null}}},"6":{"name":"(anonymous_21)","decl":{"start":{"line":38,"column":15},"end":{"line":38,"column":16}},"loc":{"start":{"line":38,"column":29},"end":{"line":41,"column":3}}},"7":{"name":"(anonymous_22)","decl":{"start":{"line":42,"column":17},"end":{"line":42,"column":24}},"loc":{"start":{"line":42,"column":37},"end":{"line":42,"column":null}}},"8":{"name":"(anonymous_23)","decl":{"start":{"line":42,"column":37},"end":{"line":42,"column":42}},"loc":{"start":{"line":42,"column":37},"end":{"line":42,"column":null}}},"9":{"name":"(anonymous_25)","decl":{"start":{"line":43,"column":18},"end":{"line":43,"column":19}},"loc":{"start":{"line":43,"column":35},"end":{"line":43,"column":54}}},"10":{"name":"(anonymous_26)","decl":{"start":{"line":45,"column":19},"end":{"line":45,"column":20}},"loc":{"start":{"line":45,"column":75},"end":{"line":45,"column":100}}},"11":{"name":"(anonymous_27)","decl":{"start":{"line":46,"column":19},"end":{"line":46,"column":20}},"loc":{"start":{"line":46,"column":61},"end":{"line":48,"column":5}}},"12":{"name":"(anonymous_28)","decl":{"start":{"line":49,"column":22},"end":{"line":49,"column":23}},"loc":{"start":{"line":49,"column":64},"end":{"line":51,"column":5}}},"13":{"name":"(anonymous_29)","decl":{"start":{"line":52,"column":21},"end":{"line":52,"column":22}},"loc":{"start":{"line":52,"column":63},"end":{"line":54,"column":5}}}},"branchMap":{"0":{"loc":{"start":{"line":31,"column":17},"end":{"line":31,"column":null}},"type":"switch","locations":[{"start":{"line":31,"column":17},"end":{"line":31,"column":null}}]},"1":{"loc":{"start":{"line":35,"column":20},"end":{"line":35,"column":null}},"type":"switch","locations":[{"start":{"line":35,"column":20},"end":{"line":35,"column":null}}]},"2":{"loc":{"start":{"line":42,"column":42},"end":{"line":42,"column":null}},"type":"switch","locations":[{"start":{"line":42,"column":42},"end":{"line":42,"column":null}},{"start":{"line":42,"column":42},"end":{"line":42,"column":null}}]}},"s":{"0":1,"1":1,"2":1,"3":1,"4":7,"5":1,"6":1,"7":1,"8":1,"9":1,"10":1,"11":1,"12":1,"13":2,"14":1,"15":1,"16":2,"17":2,"18":1,"19":1,"20":1,"21":1,"22":1,"23":1,"24":1,"25":1,"26":1,"27":1,"28":1,"29":1},"f":{"0":7,"1":1,"2":1,"3":1,"4":1,"5":1,"6":1,"7":1,"8":3,"9":1,"10":1,"11":1,"12":1,"13":1},"b":{"0":[1],"1":[1],"2":[1,1]}}
,"/Users/samrod/Sites/daisy/packages/web/src/lib/constants.ts": {"path":"/Users/samrod/Sites/daisy/packages/web/src/lib/constants.ts","statementMap":{"0":{"start":{"line":1,"column":13},"end":{"line":12,"column":2}},"1":{"start":{"line":14,"column":22},"end":{"line":19,"column":1}},"2":{"start":{"line":15,"column":2},"end":{"line":17,"column":3}},"3":{"start":{"line":16,"column":4},"end":{"line":16,"column":36}},"4":{"start":{"line":18,"column":2},"end":{"line":18,"column":12}},"5":{"start":{"line":14,"column":13},"end":{"line":14,"column":22}},"6":{"start":{"line":21,"column":37},"end":{"line":21,"column":99}},"7":{"start":{"line":21,"column":98},"end":{"line":32,"column":3}},"8":{"start":{"line":21,"column":13},"end":{"line":21,"column":37}},"9":{"start":{"line":34,"column":13},"end":{"line":34,"column":52}},"10":{"start":{"line":35,"column":13},"end":{"line":35,"column":44}},"11":{"start":{"line":36,"column":13},"end":{"line":36,"column":46}},"12":{"start":{"line":37,"column":13},"end":{"line":37,"column":43}},"13":{"start":{"line":39,"column":13},"end":{"line":39,"column":32}},"14":{"start":{"line":40,"column":13},"end":{"line":40,"column":34}},"15":{"start":{"line":41,"column":13},"end":{"line":41,"column":36}},"16":{"start":{"line":42,"column":13},"end":{"line":42,"column":36}},"17":{"start":{"line":43,"column":13},"end":{"line":43,"column":38}},"18":{"start":{"line":45,"column":13},"end":{"line":62,"column":2}},"19":{"start":{"line":64,"column":13},"end":{"line":80,"column":2}}},"fnMap":{"0":{"name":"(anonymous_0)","decl":{"start":{"line":14,"column":22},"end":{"line":14,"column":23}},"loc":{"start":{"line":14,"column":34},"end":{"line":19,"column":1}}},"1":{"name":"(anonymous_1)","decl":{"start":{"line":21,"column":37},"end":{"line":21,"column":38}},"loc":{"start":{"line":21,"column":93},"end":{"line":21,"column":99}}}},"branchMap":{"0":{"loc":{"start":{"line":15,"column":2},"end":{"line":17,"column":3}},"type":"if","locations":[{"start":{"line":15,"column":2},"end":{"line":17,"column":3}},{"start":{},"end":{}}]},"1":{"loc":{"start":{"line":15,"column":6},"end":{"line":15,"column":85}},"type":"binary-expr","locations":[{"start":{"line":15,"column":6},"end":{"line":15,"column":36}},{"start":{"line":15,"column":40},"end":{"line":15,"column":51}},{"start":{"line":15,"column":55},"end":{"line":15,"column":85}}]},"2":{"loc":{"start":{"line":22,"column":15},"end":{"line":22,"column":92}},"type":"cond-expr","locations":[{"start":{"line":22,"column":25},"end":{"line":22,"column":69}},{"start":{"line":22,"column":72},"end":{"line":22,"column":92}}]},"3":{"loc":{"start":{"line":22,"column":28},"end":{"line":22,"column":50}},"type":"binary-expr","locations":[{"start":{"line":22,"column":28},"end":{"line":22,"column":38}},{"start":{"line":22,"column":42},"end":{"line":22,"column":50}}]},"4":{"loc":{"start":{"line":31,"column":13},"end":{"line":31,"column":35}},"type":"binary-expr","locations":[{"start":{"line":31,"column":13},"end":{"line":31,"column":23}},{"start":{"line":31,"column":27},"end":{"line":31,"column":35}}]}},"s":{"0":2,"1":2,"2":3,"3":3,"4":0,"5":2,"6":2,"7":0,"8":2,"9":2,"10":2,"11":2,"12":2,"13":2,"14":2,"15":2,"16":2,"17":2,"18":2,"19":2},"f":{"0":3,"1":0},"b":{"0":[3,0],"1":[3,3,3],"2":[0,0],"3":[0,0],"4":[0,0]}}
,"/Users/samrod/Sites/daisy/packages/web/src/lib/dom.ts": {"path":"/Users/samrod/Sites/daisy/packages/web/src/lib/dom.ts","statementMap":{"0":{"start":{"line":3,"column":0},"end":{"line":3,"column":16}},"1":{"start":{"line":7,"column":0},"end":{"line":7,"column":16}},"2":{"start":{"line":1,"column":0},"end":{"line":1,"column":81}},"3":{"start":{"line":3,"column":37},"end":{"line":3,"column":39}},"4":{"start":{"line":3,"column":44},"end":{"line":3,"column":46}},"5":{"start":{"line":3,"column":53},"end":{"line":3,"column":67}},"6":{"start":{"line":4,"column":2},"end":{"line":4,"column":46}},"7":{"start":{"line":7,"column":35},"end":{"line":7,"column":37}},"8":{"start":{"line":7,"column":42},"end":{"line":7,"column":44}},"9":{"start":{"line":7,"column":51},"end":{"line":7,"column":53}},"10":{"start":{"line":7,"column":53},"end":{"line":7,"column":60}},"11":{"start":{"line":7,"column":60},"end":{"line":7,"column":79}},"12":{"start":{"line":8,"column":2},"end":{"line":8,"column":52}},"13":{"start":{"line":11,"column":22},"end":{"line":14,"column":1}},"14":{"start":{"line":12,"column":2},"end":{"line":12,"column":7}},"15":{"start":{"line":13,"column":2},"end":{"line":13,"column":60}},"16":{"start":{"line":16,"column":23},"end":{"line":42,"column":1}},"17":{"start":{"line":16,"column":29},"end":{"line":16,"column":46}},"18":{"start":{"line":17,"column":16},"end":{"line":17,"column":39}},"19":{"start":{"line":18,"column":23},"end":{"line":18,"column":48}},"20":{"start":{"line":19,"column":2},"end":{"line":21,"column":3}},"21":{"start":{"line":20,"column":4},"end":{"line":20,"column":11}},"22":{"start":{"line":23,"column":2},"end":{"line":41,"column":3}},"23":{"start":{"line":25,"column":6},"end":{"line":25,"column":48}},"24":{"start":{"line":26,"column":6},"end":{"line":26,"column":12}},"25":{"start":{"line":28,"column":6},"end":{"line":28,"column":46}},"26":{"start":{"line":29,"column":6},"end":{"line":29,"column":12}},"27":{"start":{"line":31,"column":6},"end":{"line":31,"column":19}},"28":{"start":{"line":32,"column":6},"end":{"line":32,"column":12}},"29":{"start":{"line":34,"column":6},"end":{"line":34,"column":46}},"30":{"start":{"line":35,"column":6},"end":{"line":35,"column":12}},"31":{"start":{"line":37,"column":6},"end":{"line":37,"column":44}},"32":{"start":{"line":38,"column":6},"end":{"line":38,"column":12}},"33":{"start":{"line":40,"column":6},"end":{"line":40,"column":12}},"34":{"start":{"line":16,"column":13},"end":{"line":16,"column":23}}},"fnMap":{"0":{"name":"unbindEvent","decl":{"start":{"line":3,"column":16},"end":{"line":3,"column":27}},"loc":{"start":{"line":3,"column":67},"end":{"line":5,"column":1}}},"1":{"name":"bindEvent","decl":{"start":{"line":7,"column":16},"end":{"line":7,"column":25}},"loc":{"start":{"line":7,"column":79},"end":{"line":9,"column":1}}},"2":{"name":"(anonymous_2)","decl":{"start":{"line":11,"column":22},"end":{"line":11,"column":23}},"loc":{"start":{"line":11,"column":50},"end":{"line":14,"column":1}}},"3":{"name":"(anonymous_3)","decl":{"start":{"line":16,"column":23},"end":{"line":16,"column":24}},"loc":{"start":{"line":16,"column":46},"end":{"line":42,"column":1}}}},"branchMap":{"0":{"loc":{"start":{"line":7,"column":60},"end":{"line":7,"column":79}},"type":"cond-expr","locations":[{"start":{"line":7,"column":63},"end":{"line":7,"column":65}},{"start":{"line":7,"column":65},"end":{"line":7,"column":79}}]},"1":{"loc":{"start":{"line":19,"column":2},"end":{"line":21,"column":3}},"type":"if","locations":[{"start":{"line":19,"column":2},"end":{"line":21,"column":3}},{"start":{},"end":{}}]},"2":{"loc":{"start":{"line":23,"column":2},"end":{"line":41,"column":3}},"type":"switch","locations":[{"start":{"line":24,"column":4},"end":{"line":26,"column":12}},{"start":{"line":27,"column":4},"end":{"line":29,"column":12}},{"start":{"line":30,"column":4},"end":{"line":32,"column":12}},{"start":{"line":33,"column":4},"end":{"line":35,"column":12}},{"start":{"line":36,"column":4},"end":{"line":38,"column":12}},{"start":{"line":39,"column":4},"end":{"line":40,"column":12}}]}},"s":{"0":4,"1":4,"2":4,"3":1,"4":1,"5":1,"6":1,"7":3,"8":3,"9":3,"10":3,"11":3,"12":3,"13":4,"14":1,"15":1,"16":4,"17":3,"18":3,"19":3,"20":3,"21":1,"22":2,"23":1,"24":1,"25":0,"26":0,"27":1,"28":1,"29":0,"30":0,"31":0,"32":0,"33":0,"34":4},"f":{"0":1,"1":3,"2":1,"3":3},"b":{"0":[2,1],"1":[1,2],"2":[1,0,1,0,0,0]}}
,"/Users/samrod/Sites/daisy/packages/web/src/lib/hooks.ts": {"path":"/Users/samrod/Sites/daisy/packages/web/src/lib/hooks.ts","statementMap":{"0":{"start":{"line":1,"column":0},"end":{"line":1,"column":71}},"1":{"start":{"line":2,"column":0},"end":{"line":2,"column":49}},"2":{"start":{"line":3,"column":0},"end":{"line":3,"column":80}},"3":{"start":{"line":4,"column":0},"end":{"line":4,"column":37}},"4":{"start":{"line":5,"column":0},"end":{"line":5,"column":null}},"5":{"start":{"line":10,"column":28},"end":{"line":25,"column":1}},"6":{"start":{"line":11,"column":37},"end":{"line":11,"column":59}},"7":{"start":{"line":11,"column":19},"end":{"line":11,"column":21}},"8":{"start":{"line":11,"column":32},"end":{"line":11,"column":37}},"9":{"start":{"line":12,"column":27},"end":{"line":12,"column":54}},"10":{"start":{"line":14,"column":28},"end":{"line":20,"column":44}},"11":{"start":{"line":14,"column":40},"end":{"line":20,"column":5}},"12":{"start":{"line":15,"column":21},"end":{"line":15,"column":null}},"13":{"start":{"line":15,"column":10},"end":{"line":15,"column":null}},"14":{"start":{"line":17,"column":4},"end":{"line":19,"column":5}},"15":{"start":{"line":18,"column":6},"end":{"line":18,"column":18}},"16":{"start":{"line":22,"column":2},"end":{"line":24,"column":26}},"17":{"start":{"line":23,"column":4},"end":{"line":23,"column":24}},"18":{"start":{"line":10,"column":13},"end":{"line":10,"column":28}},"19":{"start":{"line":27,"column":31},"end":{"line":71,"column":1}},"20":{"start":{"line":28,"column":21},"end":{"line":28,"column":47}},"21":{"start":{"line":29,"column":54},"end":{"line":29,"column":80}},"22":{"start":{"line":29,"column":17},"end":{"line":29,"column":19}},"23":{"start":{"line":29,"column":31},"end":{"line":29,"column":33}},"24":{"start":{"line":29,"column":49},"end":{"line":29,"column":54}},"25":{"start":{"line":31,"column":30},"end":{"line":40,"column":3}},"26":{"start":{"line":32,"column":38},"end":{"line":32,"column":64}},"27":{"start":{"line":32,"column":19},"end":{"line":32,"column":21}},"28":{"start":{"line":32,"column":33},"end":{"line":32,"column":38}},"29":{"start":{"line":33,"column":4},"end":{"line":39,"column":5}},"30":{"start":{"line":34,"column":6},"end":{"line":38,"column":7}},"31":{"start":{"line":35,"column":8},"end":{"line":35,"column":21}},"32":{"start":{"line":37,"column":8},"end":{"line":37,"column":23}},"33":{"start":{"line":42,"column":30},"end":{"line":65,"column":4}},"34":{"start":{"line":45,"column":23},"end":{"line":45,"column":null}},"35":{"start":{"line":45,"column":12},"end":{"line":45,"column":null}},"36":{"start":{"line":46,"column":10},"end":{"line":46,"column":18}},"37":{"start":{"line":47,"column":96},"end":{"line":47,"column":180}},"38":{"start":{"line":47,"column":8},"end":{"line":47,"column":182}},"39":{"start":{"line":50,"column":6},"end":{"line":60,"column":7}},"40":{"start":{"line":51,"column":8},"end":{"line":51,"column":40}},"41":{"start":{"line":52,"column":13},"end":{"line":60,"column":7}},"42":{"start":{"line":56,"column":8},"end":{"line":56,"column":38}},"43":{"start":{"line":57,"column":8},"end":{"line":57,"column":48}},"44":{"start":{"line":57,"column":26},"end":{"line":57,"column":48}},"45":{"start":{"line":59,"column":8},"end":{"line":59,"column":33}},"46":{"start":{"line":62,"column":6},"end":{"line":62,"column":48}},"47":{"start":{"line":63,"column":6},"end":{"line":63,"column":38}},"48":{"start":{"line":67,"column":2},"end":{"line":70,"column":42}},"49":{"start":{"line":68,"column":4},"end":{"line":68,"column":26}},"50":{"start":{"line":27,"column":13},"end":{"line":27,"column":31}},"51":{"start":{"line":73,"column":36},"end":{"line":88,"column":1}},"52":{"start":{"line":74,"column":2},"end":{"line":87,"column":19}},"53":{"start":{"line":75,"column":4},"end":{"line":77,"column":5}},"54":{"start":{"line":76,"column":6},"end":{"line":76,"column":13}},"55":{"start":{"line":78,"column":4},"end":{"line":86,"column":5}},"56":{"start":{"line":79,"column":6},"end":{"line":81,"column":21}},"57":{"start":{"line":83,"column":6},"end":{"line":85,"column":7}},"58":{"start":{"line":84,"column":8},"end":{"line":84,"column":46}},"59":{"start":{"line":73,"column":13},"end":{"line":73,"column":36}},"60":{"start":{"line":91,"column":30},"end":{"line":107,"column":1}},"61":{"start":{"line":91,"column":31},"end":{"line":91,"column":53}},"62":{"start":{"line":91,"column":53},"end":{"line":91,"column":null}},"63":{"start":{"line":92,"column":22},"end":{"line":92,"column":35}},"64":{"start":{"line":94,"column":2},"end":{"line":106,"column":21}},"65":{"start":{"line":95,"column":4},"end":{"line":98,"column":5}},"66":{"start":{"line":96,"column":6},"end":{"line":96,"column":34}},"67":{"start":{"line":97,"column":6},"end":{"line":97,"column":33}},"68":{"start":{"line":99,"column":4},"end":{"line":104,"column":null}},"69":{"start":{"line":100,"column":6},"end":{"line":103,"column":7}},"70":{"start":{"line":101,"column":8},"end":{"line":101,"column":38}},"71":{"start":{"line":102,"column":8},"end":{"line":102,"column":36}},"72":{"start":{"line":91,"column":13},"end":{"line":91,"column":30}},"73":{"start":{"line":109,"column":32},"end":{"line":166,"column":1}},"74":{"start":{"line":110,"column":62},"end":{"line":110,"column":92}},"75":{"start":{"line":110,"column":86},"end":{"line":110,"column":92}},"76":{"start":{"line":110,"column":28},"end":{"line":110,"column":30}},"77":{"start":{"line":110,"column":46},"end":{"line":110,"column":48}},"78":{"start":{"line":110,"column":57},"end":{"line":110,"column":62}},"79":{"start":{"line":111,"column":27},"end":{"line":111,"column":54}},"80":{"start":{"line":112,"column":23},"end":{"line":112,"column":33}},"81":{"start":{"line":113,"column":21},"end":{"line":113,"column":33}},"82":{"start":{"line":115,"column":32},"end":{"line":122,"column":3}},"83":{"start":{"line":116,"column":29},"end":{"line":116,"column":56}},"84":{"start":{"line":117,"column":23},"end":{"line":117,"column":49}},"85":{"start":{"line":118,"column":4},"end":{"line":120,"column":5}},"86":{"start":{"line":119,"column":6},"end":{"line":119,"column":40}},"87":{"start":{"line":121,"column":4},"end":{"line":121,"column":null}},"88":{"start":{"line":124,"column":21},"end":{"line":131,"column":4}},"89":{"start":{"line":125,"column":8},"end":{"line":125,"column":29}},"90":{"start":{"line":126,"column":6},"end":{"line":126,"column":29}},"91":{"start":{"line":127,"column":6},"end":{"line":127,"column":32}},"92":{"start":{"line":128,"column":6},"end":{"line":128,"column":40}},"93":{"start":{"line":129,"column":6},"end":{"line":129,"column":27}},"94":{"start":{"line":133,"column":29},"end":{"line":146,"column":3}},"95":{"start":{"line":134,"column":4},"end":{"line":145,"column":12}},"96":{"start":{"line":134,"column":15},"end":{"line":145,"column":7}},"97":{"start":{"line":135,"column":10},"end":{"line":135,"column":31}},"98":{"start":{"line":136,"column":12},"end":{"line":136,"column":20}},"99":{"start":{"line":137,"column":10},"end":{"line":137,"column":35}},"100":{"start":{"line":138,"column":10},"end":{"line":138,"column":44}},"101":{"start":{"line":140,"column":10},"end":{"line":140,"column":36}},"102":{"start":{"line":141,"column":10},"end":{"line":141,"column":75}},"103":{"start":{"line":142,"column":10},"end":{"line":142,"column":31}},"104":{"start":{"line":148,"column":38},"end":{"line":158,"column":3}},"105":{"start":{"line":149,"column":30},"end":{"line":149,"column":57}},"106":{"start":{"line":150,"column":4},"end":{"line":157,"column":5}},"107":{"start":{"line":151,"column":6},"end":{"line":155,"column":8}},"108":{"start":{"line":156,"column":6},"end":{"line":156,"column":38}},"109":{"start":{"line":160,"column":2},"end":{"line":162,"column":3}},"110":{"start":{"line":161,"column":4},"end":{"line":161,"column":34}},"111":{"start":{"line":164,"column":2},"end":{"line":165,"column":4}},"112":{"start":{"line":109,"column":13},"end":{"line":109,"column":32}}},"fnMap":{"0":{"name":"(anonymous_13)","decl":{"start":{"line":10,"column":28},"end":{"line":10,"column":null}},"loc":{"start":{"line":10,"column":28},"end":{"line":25,"column":1}}},"1":{"name":"(anonymous_14)","decl":{"start":{"line":14,"column":40},"end":{"line":14,"column":null}},"loc":{"start":{"line":14,"column":40},"end":{"line":20,"column":5}}},"2":{"name":"(anonymous_17)","decl":{"start":{"line":22,"column":12},"end":{"line":22,"column":null}},"loc":{"start":{"line":22,"column":12},"end":{"line":24,"column":3}}},"3":{"name":"(anonymous_18)","decl":{"start":{"line":27,"column":31},"end":{"line":27,"column":null}},"loc":{"start":{"line":27,"column":31},"end":{"line":71,"column":1}}},"4":{"name":"(anonymous_19)","decl":{"start":{"line":31,"column":30},"end":{"line":31,"column":null}},"loc":{"start":{"line":31,"column":30},"end":{"line":40,"column":3}}},"5":{"name":"(anonymous_20)","decl":{"start":{"line":42,"column":30},"end":{"line":42,"column":null}},"loc":{"start":{"line":42,"column":30},"end":{"line":65,"column":4}}},"6":{"name":"(anonymous_23)","decl":{"start":{"line":67,"column":12},"end":{"line":67,"column":null}},"loc":{"start":{"line":67,"column":12},"end":{"line":70,"column":3}}},"7":{"name":"(anonymous_24)","decl":{"start":{"line":73,"column":36},"end":{"line":73,"column":37}},"loc":{"start":{"line":73,"column":47},"end":{"line":88,"column":1}}},"8":{"name":"(anonymous_25)","decl":{"start":{"line":74,"column":12},"end":{"line":74,"column":null}},"loc":{"start":{"line":74,"column":12},"end":{"line":87,"column":3}}},"9":{"name":"(anonymous_26)","decl":{"start":{"line":91,"column":30},"end":{"line":91,"column":31}},"loc":{"start":{"line":91,"column":86},"end":{"line":107,"column":1}}},"10":{"name":"(anonymous_27)","decl":{"start":{"line":94,"column":12},"end":{"line":94,"column":null}},"loc":{"start":{"line":94,"column":12},"end":{"line":106,"column":3}}},"11":{"name":"(anonymous_28)","decl":{"start":{"line":99,"column":11},"end":{"line":99,"column":null}},"loc":{"start":{"line":99,"column":11},"end":{"line":104,"column":5}}},"12":{"name":"(anonymous_29)","decl":{"start":{"line":109,"column":32},"end":{"line":109,"column":null}},"loc":{"start":{"line":109,"column":32},"end":{"line":166,"column":1}}},"13":{"name":"(anonymous_30)","decl":{"start":{"line":110,"column":77},"end":{"line":110,"column":82}},"loc":{"start":{"line":110,"column":82},"end":{"line":110,"column":91}}},"14":{"name":"(anonymous_31)","decl":{"start":{"line":115,"column":32},"end":{"line":115,"column":null}},"loc":{"start":{"line":115,"column":32},"end":{"line":122,"column":3}}},"15":{"name":"(anonymous_32)","decl":{"start":{"line":124,"column":21},"end":{"line":124,"column":null}},"loc":{"start":{"line":124,"column":21},"end":{"line":131,"column":4}}},"16":{"name":"(anonymous_35)","decl":{"start":{"line":133,"column":29},"end":{"line":133,"column":null}},"loc":{"start":{"line":133,"column":29},"end":{"line":146,"column":3}}},"17":{"name":"(anonymous_36)","decl":{"start":{"line":134,"column":15},"end":{"line":134,"column":null}},"loc":{"start":{"line":134,"column":15},"end":{"line":145,"column":7}}},"18":{"name":"(anonymous_39)","decl":{"start":{"line":148,"column":38},"end":{"line":148,"column":null}},"loc":{"start":{"line":148,"column":38},"end":{"line":158,"column":3}}}},"branchMap":{"0":{"loc":{"start":{"line":15,"column":21},"end":{"line":15,"column":null}},"type":"switch","locations":[{"start":{"line":15,"column":21},"end":{"line":15,"column":null}}]},"1":{"loc":{"start":{"line":17,"column":4},"end":{"line":19,"column":5}},"type":"if","locations":[{"start":{"line":17,"column":4},"end":{"line":19,"column":5}},{"start":{},"end":{}}]},"2":{"loc":{"start":{"line":17,"column":8},"end":{"line":17,"column":64}},"type":"binary-expr","locations":[{"start":{"line":17,"column":8},"end":{"line":17,"column":22}},{"start":{"line":17,"column":26},"end":{"line":17,"column":38}},{"start":{"line":17,"column":42},"end":{"line":17,"column":62}}]},"3":{"loc":{"start":{"line":17,"column":42},"end":{"line":17,"column":62}},"type":"cond-expr","locations":[{"start":{"line":17,"column":50},"end":{"line":17,"column":52}},{"start":{"line":17,"column":42},"end":{"line":17,"column":62}}]},"4":{"loc":{"start":{"line":17,"column":42},"end":{"line":17,"column":52}},"type":"binary-expr","locations":[{"start":{"line":17,"column":42},"end":{"line":17,"column":52}},{"start":{"line":17,"column":42},"end":{"line":17,"column":52}}]},"5":{"loc":{"start":{"line":33,"column":4},"end":{"line":39,"column":5}},"type":"if","locations":[{"start":{"line":33,"column":4},"end":{"line":39,"column":5}},{"start":{},"end":{}}]},"6":{"loc":{"start":{"line":34,"column":6},"end":{"line":38,"column":7}},"type":"if","locations":[{"start":{"line":34,"column":6},"end":{"line":38,"column":7}},{"start":{"line":36,"column":13},"end":{"line":38,"column":7}}]},"7":{"loc":{"start":{"line":46,"column":10},"end":{"line":46,"column":18}},"type":"if","locations":[{"start":{"line":46,"column":10},"end":{"line":46,"column":18}},{"start":{},"end":{}}]},"8":{"loc":{"start":{"line":46,"column":10},"end":{"line":46,"column":30}},"type":"cond-expr","locations":[{"start":{"line":46,"column":18},"end":{"line":46,"column":20}},{"start":{"line":46,"column":10},"end":{"line":46,"column":30}}]},"9":{"loc":{"start":{"line":46,"column":10},"end":{"line":46,"column":20}},"type":"binary-expr","locations":[{"start":{"line":46,"column":10},"end":{"line":46,"column":20}},{"start":{"line":46,"column":10},"end":{"line":46,"column":20}}]},"10":{"loc":{"start":{"line":50,"column":6},"end":{"line":60,"column":7}},"type":"if","locations":[{"start":{"line":50,"column":6},"end":{"line":60,"column":7}},{"start":{"line":52,"column":13},"end":{"line":60,"column":7}}]},"11":{"loc":{"start":{"line":50,"column":11},"end":{"line":50,"column":31}},"type":"cond-expr","locations":[{"start":{"line":50,"column":19},"end":{"line":50,"column":21}},{"start":{"line":50,"column":11},"end":{"line":50,"column":31}}]},"12":{"loc":{"start":{"line":50,"column":11},"end":{"line":50,"column":21}},"type":"binary-expr","locations":[{"start":{"line":50,"column":11},"end":{"line":50,"column":21}},{"start":{"line":50,"column":11},"end":{"line":50,"column":21}}]},"13":{"loc":{"start":{"line":52,"column":13},"end":{"line":60,"column":7}},"type":"if","locations":[{"start":{"line":52,"column":13},"end":{"line":60,"column":7}},{"start":{"line":58,"column":13},"end":{"line":60,"column":7}}]},"14":{"loc":{"start":{"line":53,"column":10},"end":{"line":54,"column":84}},"type":"binary-expr","locations":[{"start":{"line":53,"column":10},"end":{"line":53,"column":22}},{"start":{"line":53,"column":26},"end":{"line":53,"column":38}},{"start":{"line":54,"column":11},"end":{"line":54,"column":28}},{"start":{"line":54,"column":32},"end":{"line":54,"column":53}},{"start":{"line":54,"column":57},"end":{"line":54,"column":83}}]},"15":{"loc":{"start":{"line":57,"column":8},"end":{"line":57,"column":48}},"type":"if","locations":[{"start":{"line":57,"column":8},"end":{"line":57,"column":48}},{"start":{},"end":{}}]},"16":{"loc":{"start":{"line":75,"column":4},"end":{"line":77,"column":5}},"type":"if","locations":[{"start":{"line":75,"column":4},"end":{"line":77,"column":5}},{"start":{},"end":{}}]},"17":{"loc":{"start":{"line":78,"column":4},"end":{"line":86,"column":5}},"type":"if","locations":[{"start":{"line":78,"column":4},"end":{"line":86,"column":5}},{"start":{"line":82,"column":11},"end":{"line":86,"column":5}}]},"18":{"loc":{"start":{"line":83,"column":6},"end":{"line":85,"column":7}},"type":"if","locations":[{"start":{"line":83,"column":6},"end":{"line":85,"column":7}},{"start":{},"end":{}}]},"19":{"loc":{"start":{"line":91,"column":31},"end":{"line":91,"column":53}},"type":"if","locations":[{"start":{"line":91,"column":31},"end":{"line":91,"column":53}},{"start":{},"end":{}}]},"20":{"loc":{"start":{"line":91,"column":53},"end":{"line":91,"column":null}},"type":"if","locations":[{"start":{"line":91,"column":53},"end":{"line":91,"column":null}},{"start":{},"end":{}}]},"21":{"loc":{"start":{"line":95,"column":4},"end":{"line":98,"column":5}},"type":"if","locations":[{"start":{"line":95,"column":4},"end":{"line":98,"column":5}},{"start":{},"end":{}}]},"22":{"loc":{"start":{"line":95,"column":8},"end":{"line":95,"column":65}},"type":"binary-expr","locations":[{"start":{"line":95,"column":8},"end":{"line":95,"column":28}},{"start":{"line":95,"column":32},"end":{"line":95,"column":65}}]},"23":{"loc":{"start":{"line":100,"column":6},"end":{"line":103,"column":7}},"type":"if","locations":[{"start":{"line":100,"column":6},"end":{"line":103,"column":7}},{"start":{},"end":{}}]},"24":{"loc":{"start":{"line":118,"column":4},"end":{"line":120,"column":5}},"type":"if","locations":[{"start":{"line":118,"column":4},"end":{"line":120,"column":5}},{"start":{},"end":{}}]},"25":{"loc":{"start":{"line":121,"column":11},"end":{"line":121,"column":39}},"type":"binary-expr","locations":[{"start":{"line":121,"column":11},"end":{"line":121,"column":23}},{"start":{"line":121,"column":27},"end":{"line":121,"column":39}}]},"26":{"loc":{"start":{"line":125,"column":8},"end":{"line":125,"column":29}},"type":"if","locations":[{"start":{"line":125,"column":8},"end":{"line":125,"column":29}},{"start":{},"end":{}}]},"27":{"loc":{"start":{"line":135,"column":10},"end":{"line":135,"column":31}},"type":"if","locations":[{"start":{"line":135,"column":10},"end":{"line":135,"column":31}},{"start":{},"end":{}}]},"28":{"loc":{"start":{"line":136,"column":12},"end":{"line":136,"column":20}},"type":"if","locations":[{"start":{"line":136,"column":12},"end":{"line":136,"column":20}},{"start":{},"end":{}}]},"29":{"loc":{"start":{"line":150,"column":4},"end":{"line":157,"column":5}},"type":"if","locations":[{"start":{"line":150,"column":4},"end":{"line":157,"column":5}},{"start":{},"end":{}}]},"30":{"loc":{"start":{"line":150,"column":8},"end":{"line":150,"column":70}},"type":"binary-expr","locations":[{"start":{"line":150,"column":8},"end":{"line":150,"column":37}},{"start":{"line":150,"column":41},"end":{"line":150,"column":70}}]},"31":{"loc":{"start":{"line":160,"column":2},"end":{"line":162,"column":3}},"type":"if","locations":[{"start":{"line":160,"column":2},"end":{"line":162,"column":3}},{"start":{},"end":{}}]}},"s":{"0":1,"1":1,"2":1,"3":1,"4":1,"5":1,"6":1,"7":1,"8":1,"9":1,"10":1,"11":1,"12":1,"13":1,"14":1,"15":1,"16":1,"17":1,"18":1,"19":1,"20":1,"21":1,"22":1,"23":1,"24":1,"25":1,"26":0,"27":0,"28":0,"29":0,"30":0,"31":0,"32":0,"33":2,"34":1,"35":1,"36":1,"37":1,"38":1,"39":0,"40":0,"41":0,"42":0,"43":0,"44":0,"45":0,"46":1,"47":1,"48":1,"49":1,"50":1,"51":1,"52":2,"53":2,"54":0,"55":2,"56":1,"57":1,"58":1,"59":1,"60":1,"61":1,"62":1,"63":1,"64":1,"65":1,"66":1,"67":1,"68":1,"69":1,"70":1,"71":1,"72":1,"73":1,"74":1,"75":1,"76":1,"77":1,"78":1,"79":1,"80":1,"81":1,"82":1,"83":0,"84":0,"85":0,"86":0,"87":0,"88":1,"89":0,"90":0,"91":0,"92":0,"93":0,"94":1,"95":0,"96":0,"97":0,"98":0,"99":0,"100":0,"101":0,"102":0,"103":0,"104":1,"105":1,"106":1,"107":1,"108":1,"109":1,"110":1,"111":1,"112":1},"f":{"0":1,"1":2,"2":1,"3":1,"4":0,"5":2,"6":1,"7":2,"8":2,"9":1,"10":1,"11":1,"12":1,"13":1,"14":0,"15":0,"16":0,"17":0,"18":1},"b":{"0":[1],"1":[1,0],"2":[1,1,1],"3":[0,1],"4":[1,1],"5":[0,0],"6":[0,0],"7":[0,1],"8":[0,1],"9":[1,1],"10":[0,0],"11":[0,0],"12":[0,0],"13":[0,0],"14":[0,0,0,0,0],"15":[0,0],"16":[0,2],"17":[1,1],"18":[1,0],"19":[0,1],"20":[0,1],"21":[1,0],"22":[1,1],"23":[1,0],"24":[0,0],"25":[0,0],"26":[0,0],"27":[0,0],"28":[0,0],"29":[1,0],"30":[1,0],"31":[1,0]}}
,"/Users/samrod/Sites/daisy/packages/web/src/lib/logging.ts": {"path":"/Users/samrod/Sites/daisy/packages/web/src/lib/logging.ts","statementMap":{"0":{"start":{"line":1,"column":0},"end":{"line":1,"column":33}},"1":{"start":{"line":2,"column":0},"end":{"line":2,"column":37}},"2":{"start":{"line":5,"column":42},"end":{"line":10,"column":2}},"3":{"start":{"line":12,"column":17},"end":{"line":12,"column":null}},"4":{"start":{"line":12,"column":40},"end":{"line":17,"column":2}},"5":{"start":{"line":19,"column":22},"end":{"line":19,"column":null}},"6":{"start":{"line":19,"column":45},"end":{"line":27,"column":2}},"7":{"start":{"line":29,"column":18},"end":{"line":29,"column":41}},"8":{"start":{"line":29,"column":37},"end":{"line":29,"column":70}},"9":{"start":{"line":30,"column":23},"end":{"line":36,"column":1}},"10":{"start":{"line":31,"column":2},"end":{"line":33,"column":3}},"11":{"start":{"line":32,"column":4},"end":{"line":32,"column":16}},"12":{"start":{"line":34,"column":17},"end":{"line":34,"column":37}},"13":{"start":{"line":35,"column":2},"end":{"line":35,"column":42}},"14":{"start":{"line":38,"column":23},"end":{"line":62,"column":1}},"15":{"start":{"line":39,"column":2},"end":{"line":41,"column":3}},"16":{"start":{"line":40,"column":4},"end":{"line":40,"column":17}},"17":{"start":{"line":42,"column":15},"end":{"line":42,"column":17}},"18":{"start":{"line":43,"column":15},"end":{"line":43,"column":31}},"19":{"start":{"line":44,"column":15},"end":{"line":44,"column":31}},"20":{"start":{"line":45,"column":18},"end":{"line":45,"column":83}},"21":{"start":{"line":46,"column":2},"end":{"line":60,"column":5}},"22":{"start":{"line":47,"column":19},"end":{"line":47,"column":28}},"23":{"start":{"line":48,"column":19},"end":{"line":48,"column":28}},"24":{"start":{"line":50,"column":4},"end":{"line":59,"column":5}},"25":{"start":{"line":51,"column":25},"end":{"line":51,"column":48}},"26":{"start":{"line":52,"column":6},"end":{"line":54,"column":7}},"27":{"start":{"line":53,"column":8},"end":{"line":53,"column":31}},"28":{"start":{"line":56,"column":6},"end":{"line":58,"column":7}},"29":{"start":{"line":57,"column":8},"end":{"line":57,"column":77}},"30":{"start":{"line":61,"column":2},"end":{"line":61,"column":38}},"31":{"start":{"line":38,"column":13},"end":{"line":38,"column":23}},"32":{"start":{"line":64,"column":26},"end":{"line":77,"column":1}},"33":{"start":{"line":67,"column":4},"end":{"line":67,"column":null}},"34":{"start":{"line":71,"column":4},"end":{"line":73,"column":5}},"35":{"start":{"line":72,"column":6},"end":{"line":72,"column":13}},"36":{"start":{"line":74,"column":19},"end":{"line":74,"column":34}},"37":{"start":{"line":75,"column":20},"end":{"line":75,"column":36}},"38":{"start":{"line":76,"column":4},"end":{"line":76,"column":131}},"39":{"start":{"line":64,"column":13},"end":{"line":64,"column":26}}},"fnMap":{"0":{"name":"(anonymous_1)","decl":{"start":{"line":12,"column":17},"end":{"line":12,"column":18}},"loc":{"start":{"line":12,"column":35},"end":{"line":12,"column":null}}},"1":{"name":"(anonymous_2)","decl":{"start":{"line":19,"column":22},"end":{"line":19,"column":23}},"loc":{"start":{"line":19,"column":40},"end":{"line":19,"column":null}}},"2":{"name":"(anonymous_3)","decl":{"start":{"line":29,"column":18},"end":{"line":29,"column":19}},"loc":{"start":{"line":29,"column":32},"end":{"line":29,"column":41}}},"3":{"name":"(anonymous_4)","decl":{"start":{"line":30,"column":23},"end":{"line":30,"column":24}},"loc":{"start":{"line":30,"column":37},"end":{"line":36,"column":1}}},"4":{"name":"(anonymous_5)","decl":{"start":{"line":38,"column":23},"end":{"line":38,"column":24}},"loc":{"start":{"line":38,"column":54},"end":{"line":62,"column":1}}},"5":{"name":"(anonymous_6)","decl":{"start":{"line":46,"column":18},"end":{"line":46,"column":21}},"loc":{"start":{"line":46,"column":21},"end":{"line":60,"column":3}}},"6":{"name":"(anonymous_7)","decl":{"start":{"line":64,"column":26},"end":{"line":64,"column":null}},"loc":{"start":{"line":69,"column":18},"end":{"line":77,"column":1}}}},"branchMap":{"0":{"loc":{"start":{"line":13,"column":22},"end":{"line":13,"column":44}},"type":"binary-expr","locations":[{"start":{"line":13,"column":22},"end":{"line":13,"column":35}},{"start":{"line":13,"column":39},"end":{"line":13,"column":44}}]},"1":{"loc":{"start":{"line":22,"column":11},"end":{"line":22,"column":33}},"type":"binary-expr","locations":[{"start":{"line":22,"column":11},"end":{"line":22,"column":24}},{"start":{"line":22,"column":28},"end":{"line":22,"column":33}}]},"2":{"loc":{"start":{"line":23,"column":22},"end":{"line":23,"column":44}},"type":"binary-expr","locations":[{"start":{"line":23,"column":22},"end":{"line":23,"column":35}},{"start":{"line":23,"column":39},"end":{"line":23,"column":44}}]},"3":{"loc":{"start":{"line":31,"column":2},"end":{"line":33,"column":3}},"type":"if","locations":[{"start":{"line":31,"column":2},"end":{"line":33,"column":3}},{"start":{},"end":{}}]},"4":{"loc":{"start":{"line":39,"column":2},"end":{"line":41,"column":3}},"type":"if","locations":[{"start":{"line":39,"column":2},"end":{"line":41,"column":3}},{"start":{},"end":{}}]},"5":{"loc":{"start":{"line":39,"column":6},"end":{"line":39,"column":22}},"type":"binary-expr","locations":[{"start":{"line":39,"column":6},"end":{"line":39,"column":12}},{"start":{"line":39,"column":16},"end":{"line":39,"column":22}}]},"6":{"loc":{"start":{"line":45,"column":42},"end":{"line":45,"column":52}},"type":"binary-expr","locations":[{"start":{"line":45,"column":42},"end":{"line":45,"column":46}},{"start":{"line":45,"column":50},"end":{"line":45,"column":52}}]},"7":{"loc":{"start":{"line":45,"column":70},"end":{"line":45,"column":80}},"type":"binary-expr","locations":[{"start":{"line":45,"column":70},"end":{"line":45,"column":74}},{"start":{"line":45,"column":78},"end":{"line":45,"column":80}}]},"8":{"loc":{"start":{"line":50,"column":4},"end":{"line":59,"column":5}},"type":"if","locations":[{"start":{"line":50,"column":4},"end":{"line":59,"column":5}},{"start":{"line":55,"column":11},"end":{"line":59,"column":5}}]},"9":{"loc":{"start":{"line":50,"column":8},"end":{"line":50,"column":102}},"type":"binary-expr","locations":[{"start":{"line":50,"column":8},"end":{"line":50,"column":34}},{"start":{"line":50,"column":38},"end":{"line":50,"column":53}},{"start":{"line":50,"column":57},"end":{"line":50,"column":83}},{"start":{"line":50,"column":87},"end":{"line":50,"column":102}}]},"10":{"loc":{"start":{"line":52,"column":6},"end":{"line":54,"column":7}},"type":"if","locations":[{"start":{"line":52,"column":6},"end":{"line":54,"column":7}},{"start":{},"end":{}}]},"11":{"loc":{"start":{"line":56,"column":6},"end":{"line":58,"column":7}},"type":"if","locations":[{"start":{"line":56,"column":6},"end":{"line":58,"column":7}},{"start":{},"end":{}}]},"12":{"loc":{"start":{"line":61,"column":9},"end":{"line":61,"column":37}},"type":"cond-expr","locations":[{"start":{"line":61,"column":25},"end":{"line":61,"column":30}},{"start":{"line":61,"column":33},"end":{"line":61,"column":37}}]},"13":{"loc":{"start":{"line":67,"column":4},"end":{"line":67,"column":null}},"type":"if","locations":[{"start":{"line":67,"column":4},"end":{"line":67,"column":null}},{"start":{},"end":{}}]},"14":{"loc":{"start":{"line":71,"column":4},"end":{"line":73,"column":5}},"type":"if","locations":[{"start":{"line":71,"column":4},"end":{"line":73,"column":5}},{"start":{},"end":{}}]},"15":{"loc":{"start":{"line":74,"column":19},"end":{"line":74,"column":34}},"type":"cond-expr","locations":[{"start":{"line":74,"column":25},"end":{"line":74,"column":29}},{"start":{"line":74,"column":32},"end":{"line":74,"column":34}}]},"16":{"loc":{"start":{"line":75,"column":20},"end":{"line":75,"column":36}},"type":"cond-expr","locations":[{"start":{"line":75,"column":27},"end":{"line":75,"column":31}},{"start":{"line":75,"column":34},"end":{"line":75,"column":36}}]}},"s":{"0":1,"1":1,"2":1,"3":1,"4":1,"5":1,"6":1,"7":1,"8":12,"9":1,"10":8,"11":8,"12":0,"13":0,"14":1,"15":10,"16":4,"17":6,"18":6,"19":6,"20":6,"21":6,"22":8,"23":8,"24":8,"25":1,"26":1,"27":1,"28":7,"29":4,"30":6,"31":1,"32":1,"33":2,"34":2,"35":1,"36":1,"37":1,"38":1,"39":1},"f":{"0":1,"1":1,"2":12,"3":8,"4":10,"5":8,"6":2},"b":{"0":[1,0],"1":[1,0],"2":[1,0],"3":[8,0],"4":[4,6],"5":[10,8],"6":[6,0],"7":[6,0],"8":[1,7],"9":[8,1,1,1],"10":[1,0],"11":[4,3],"12":[1,5],"13":[0,2],"14":[1,1],"15":[0,1],"16":[0,1]}}
,"/Users/samrod/Sites/daisy/packages/web/src/lib/messaging.ts": {"path":"/Users/samrod/Sites/daisy/packages/web/src/lib/messaging.ts","statementMap":{"0":{"start":{"line":1,"column":0},"end":{"line":1,"column":16}},"1":{"start":{"line":1,"column":37},"end":{"line":1,"column":42}},"2":{"start":{"line":1,"column":43},"end":{"line":1,"column":null}},"3":{"start":{"line":3,"column":2},"end":{"line":10,"column":3}},"4":{"start":{"line":4,"column":4},"end":{"line":4,"column":34}},"5":{"start":{"line":6,"column":4},"end":{"line":8,"column":5}},"6":{"start":{"line":7,"column":6},"end":{"line":7,"column":108}},"7":{"start":{"line":9,"column":4},"end":{"line":9,"column":11}},"8":{"start":{"line":11,"column":2},"end":{"line":19,"column":3}},"9":{"start":{"line":12,"column":39},"end":{"line":12,"column":50}},"10":{"start":{"line":12,"column":34},"end":{"line":12,"column":39}},"11":{"start":{"line":13,"column":4},"end":{"line":18,"column":5}},"12":{"start":{"line":15,"column":6},"end":{"line":15,"column":38}},"13":{"start":{"line":17,"column":6},"end":{"line":17,"column":103}},"14":{"start":{"line":22,"column":27},"end":{"line":40,"column":1}},"15":{"start":{"line":24,"column":2},"end":{"line":24,"column":null}},"16":{"start":{"line":25,"column":2},"end":{"line":25,"column":null}},"17":{"start":{"line":27,"column":2},"end":{"line":30,"column":3}},"18":{"start":{"line":28,"column":4},"end":{"line":28,"column":73}},"19":{"start":{"line":29,"column":4},"end":{"line":29,"column":11}},"20":{"start":{"line":31,"column":18},"end":{"line":31,"column":38}},"21":{"start":{"line":32,"column":2},"end":{"line":39,"column":5}},"22":{"start":{"line":32,"column":20},"end":{"line":32,"column":22}},"23":{"start":{"line":33,"column":4},"end":{"line":38,"column":null}},"24":{"start":{"line":36,"column":8},"end":{"line":36,"column":50}},"25":{"start":{"line":22,"column":13},"end":{"line":22,"column":27}}},"fnMap":{"0":{"name":"receiveMessage","decl":{"start":{"line":1,"column":16},"end":{"line":1,"column":30}},"loc":{"start":{"line":1,"column":45},"end":{"line":20,"column":1}}},"1":{"name":"(anonymous_2)","decl":{"start":{"line":22,"column":27},"end":{"line":22,"column":null}},"loc":{"start":{"line":25,"column":45},"end":{"line":40,"column":1}}},"2":{"name":"(anonymous_3)","decl":{"start":{"line":32,"column":17},"end":{"line":32,"column":18}},"loc":{"start":{"line":32,"column":18},"end":{"line":32,"column":21}}},"3":{"name":"(anonymous_4)","decl":{"start":{"line":32,"column":31},"end":{"line":32,"column":37}},"loc":{"start":{"line":32,"column":37},"end":{"line":39,"column":3}}},"4":{"name":"(anonymous_5)","decl":{"start":{"line":34,"column":6},"end":{"line":34,"column":null}},"loc":{"start":{"line":34,"column":6},"end":{"line":37,"column":7}}}},"branchMap":{"0":{"loc":{"start":{"line":6,"column":4},"end":{"line":8,"column":5}},"type":"if","locations":[{"start":{"line":6,"column":4},"end":{"line":8,"column":5}},{"start":{},"end":{}}]},"1":{"loc":{"start":{"line":6,"column":8},"end":{"line":6,"column":73}},"type":"binary-expr","locations":[{"start":{"line":6,"column":8},"end":{"line":6,"column":38}},{"start":{"line":6,"column":42},"end":{"line":6,"column":73}}]},"2":{"loc":{"start":{"line":11,"column":2},"end":{"line":19,"column":3}},"type":"if","locations":[{"start":{"line":11,"column":2},"end":{"line":19,"column":3}},{"start":{},"end":{}}]},"3":{"loc":{"start":{"line":13,"column":4},"end":{"line":18,"column":5}},"type":"if","locations":[{"start":{"line":13,"column":4},"end":{"line":18,"column":5}},{"start":{"line":16,"column":11},"end":{"line":18,"column":5}}]},"4":{"loc":{"start":{"line":24,"column":2},"end":{"line":24,"column":null}},"type":"if","locations":[{"start":{"line":24,"column":2},"end":{"line":24,"column":null}},{"start":{},"end":{}}]},"5":{"loc":{"start":{"line":24,"column":23},"end":{"line":24,"column":53}},"type":"binary-expr","locations":[{"start":{"line":24,"column":23},"end":{"line":24,"column":36}},{"start":{"line":24,"column":40},"end":{"line":24,"column":53}}]},"6":{"loc":{"start":{"line":25,"column":2},"end":{"line":25,"column":null}},"type":"if","locations":[{"start":{"line":25,"column":2},"end":{"line":25,"column":null}},{"start":{},"end":{}}]},"7":{"loc":{"start":{"line":27,"column":2},"end":{"line":30,"column":3}},"type":"if","locations":[{"start":{"line":27,"column":2},"end":{"line":30,"column":3}},{"start":{},"end":{}}]}},"s":{"0":1,"1":4,"2":4,"3":4,"4":4,"5":2,"6":0,"7":2,"8":2,"9":4,"10":2,"11":2,"12":1,"13":1,"14":1,"15":2,"16":2,"17":2,"18":1,"19":1,"20":1,"21":1,"22":1,"23":1,"24":1,"25":1},"f":{"0":4,"1":2,"2":1,"3":1,"4":1},"b":{"0":[0,2],"1":[2,0],"2":[2,0],"3":[1,1],"4":[0,2],"5":[0,0],"6":[0,2],"7":[1,1]}}
,"/Users/samrod/Sites/daisy/packages/web/src/lib/state.ts": {"path":"/Users/samrod/Sites/daisy/packages/web/src/lib/state.ts","statementMap":{"0":{"start":{"line":1,"column":0},"end":{"line":1,"column":32}},"1":{"start":{"line":2,"column":0},"end":{"line":2,"column":9}},"2":{"start":{"line":2,"column":9},"end":{"line":2,"column":19}},"3":{"start":{"line":4,"column":22},"end":{"line":12,"column":3}},"4":{"start":{"line":6,"column":36},"end":{"line":12,"column":3}},"5":{"start":{"line":7,"column":20},"end":{"line":12,"column":3}},"6":{"start":{"line":8,"column":2},"end":{"line":11,"column":6}},"7":{"start":{"line":9,"column":4},"end":{"line":9,"column":16}},"8":{"start":{"line":10,"column":4},"end":{"line":10,"column":24}},"9":{"start":{"line":4,"column":13},"end":{"line":4,"column":22}}},"fnMap":{"0":{"name":"(anonymous_13)","decl":{"start":{"line":2,"column":9},"end":{"line":2,"column":11}},"loc":{"start":{"line":2,"column":9},"end":{"line":2,"column":19}}},"1":{"name":"(anonymous_14)","decl":{"start":{"line":4,"column":22},"end":{"line":4,"column":null}},"loc":{"start":{"line":6,"column":36},"end":{"line":12,"column":3}}},"2":{"name":"(anonymous_15)","decl":{"start":{"line":7,"column":10},"end":{"line":7,"column":20}},"loc":{"start":{"line":7,"column":10},"end":{"line":12,"column":3}}},"3":{"name":"(anonymous_17)","decl":{"start":{"line":7,"column":32},"end":{"line":7,"column":39}},"loc":{"start":{"line":7,"column":39},"end":{"line":12,"column":1}}},"4":{"name":"(anonymous_18)","decl":{"start":{"line":8,"column":14},"end":{"line":8,"column":15}},"loc":{"start":{"line":8,"column":33},"end":{"line":11,"column":3}}}},"branchMap":{},"s":{"0":1,"1":1,"2":1,"3":1,"4":2,"5":2,"6":2,"7":2,"8":2,"9":1},"f":{"0":0,"1":2,"2":2,"3":2,"4":2},"b":{}}
,"/Users/samrod/Sites/daisy/packages/web/src/lib/testUtils.helper.ts": {"path":"/Users/samrod/Sites/daisy/packages/web/src/lib/testUtils.helper.ts","statementMap":{"0":{"start":{"line":6,"column":0},"end":{"line":6,"column":16}},"1":{"start":{"line":26,"column":0},"end":{"line":26,"column":16}},"2":{"start":{"line":7,"column":21},"end":{"line":7,"column":113}},"3":{"start":{"line":8,"column":27},"end":{"line":8,"column":68}},"4":{"start":{"line":9,"column":19},"end":{"line":9,"column":124}},"5":{"start":{"line":10,"column":24},"end":{"line":10,"column":60}},"6":{"start":{"line":11,"column":18},"end":{"line":22,"column":4}},"7":{"start":{"line":15,"column":36},"end":{"line":15,"column":47}},"8":{"start":{"line":16,"column":38},"end":{"line":16,"column":55}},"9":{"start":{"line":17,"column":30},"end":{"line":17,"column":39}},"10":{"start":{"line":18,"column":35},"end":{"line":18,"column":49}},"11":{"start":{"line":19,"column":32},"end":{"line":19,"column":90}},"12":{"start":{"line":19,"column":65},"end":{"line":19,"column":86}},"13":{"start":{"line":23,"column":2},"end":{"line":23,"column":76}},"14":{"start":{"line":26,"column":33},"end":{"line":26,"column":null}},"15":{"start":{"line":27,"column":2},"end":{"line":36,"column":null}},"16":{"start":{"line":30,"column":43},"end":{"line":30,"column":50}},"17":{"start":{"line":30,"column":62},"end":{"line":30,"column":68}},"18":{"start":{"line":30,"column":98},"end":{"line":30,"column":115}}},"fnMap":{"0":{"name":"createMockAudioContext","decl":{"start":{"line":6,"column":16},"end":{"line":6,"column":38}},"loc":{"start":{"line":6,"column":38},"end":{"line":24,"column":1}}},"1":{"name":"(anonymous_9)","decl":{"start":{"line":15,"column":30},"end":{"line":15,"column":36}},"loc":{"start":{"line":15,"column":30},"end":{"line":15,"column":46}}},"2":{"name":"(anonymous_10)","decl":{"start":{"line":16,"column":32},"end":{"line":16,"column":38}},"loc":{"start":{"line":16,"column":32},"end":{"line":16,"column":54}}},"3":{"name":"(anonymous_11)","decl":{"start":{"line":17,"column":24},"end":{"line":17,"column":30}},"loc":{"start":{"line":17,"column":24},"end":{"line":17,"column":38}}},"4":{"name":"(anonymous_12)","decl":{"start":{"line":18,"column":29},"end":{"line":18,"column":35}},"loc":{"start":{"line":18,"column":29},"end":{"line":18,"column":48}}},"5":{"name":"(anonymous_13)","decl":{"start":{"line":19,"column":26},"end":{"line":19,"column":32}},"loc":{"start":{"line":19,"column":26},"end":{"line":19,"column":33}}},"6":{"name":"(anonymous_14)","decl":{"start":{"line":19,"column":59},"end":{"line":19,"column":65}},"loc":{"start":{"line":19,"column":59},"end":{"line":19,"column":69}}},"7":{"name":"createMockWindow","decl":{"start":{"line":26,"column":16},"end":{"line":26,"column":32}},"loc":{"start":{"line":26,"column":47},"end":{"line":38,"column":1}}},"8":{"name":"(anonymous_16)","decl":{"start":{"line":30,"column":37},"end":{"line":30,"column":43}},"loc":{"start":{"line":30,"column":37},"end":{"line":30,"column":48}}},"9":{"name":"(anonymous_17)","decl":{"start":{"line":30,"column":56},"end":{"line":30,"column":62}},"loc":{"start":{"line":30,"column":56},"end":{"line":30,"column":66}}},"10":{"name":"(anonymous_18)","decl":{"start":{"line":30,"column":98},"end":{"line":30,"column":113}},"loc":{"start":{"line":30,"column":98},"end":{"line":30,"column":115}}},"11":{"name":"(anonymous_20)","decl":{"start":{"line":32,"column":16},"end":{"line":32,"column":23}},"loc":{"start":{"line":32,"column":16},"end":{"line":32,"column":24}}},"12":{"name":"(anonymous_21)","decl":{"start":{"line":32,"column":34},"end":{"line":32,"column":41}},"loc":{"start":{"line":32,"column":34},"end":{"line":32,"column":42}}},"13":{"name":"(anonymous_22)","decl":{"start":{"line":32,"column":53},"end":{"line":32,"column":60}},"loc":{"start":{"line":32,"column":53},"end":{"line":32,"column":61}}}},"branchMap":{"0":{"loc":{"start":{"line":26,"column":33},"end":{"line":26,"column":null}},"type":"if","locations":[{"start":{"line":26,"column":33},"end":{"line":26,"column":null}},{"start":{},"end":{}}]}},"s":{"0":1,"1":1,"2":3,"3":3,"4":3,"5":3,"6":3,"7":3,"8":3,"9":4,"10":1,"11":1,"12":2,"13":3,"14":0,"15":0,"16":0,"17":0,"18":0},"f":{"0":3,"1":3,"2":3,"3":4,"4":1,"5":1,"6":2,"7":0,"8":0,"9":0,"10":0,"11":0,"12":0,"13":0},"b":{"0":[0,0]}}
,"/Users/samrod/Sites/daisy/packages/web/src/state/clientState.ts": {"path":"/Users/samrod/Sites/daisy/packages/web/src/state/clientState.ts","statementMap":{"0":{"start":{"line":1,"column":0},"end":{"line":1,"column":33}},"1":{"start":{"line":2,"column":0},"end":{"line":2,"column":47}},"2":{"start":{"line":3,"column":0},"end":{"line":3,"column":74}},"3":{"start":{"line":5,"column":0},"end":{"line":5,"column":75}},"4":{"start":{"line":6,"column":0},"end":{"line":6,"column":null}},"5":{"start":{"line":36,"column":21},"end":{"line":47,"column":2}},"6":{"start":{"line":49,"column":27},"end":{"line":49,"column":62}},"7":{"start":{"line":49,"column":61},"end":{"line":124,"column":3}},"8":{"start":{"line":50,"column":28},"end":{"line":50,"column":null}},"9":{"start":{"line":51,"column":4},"end":{"line":53,"column":5}},"10":{"start":{"line":52,"column":6},"end":{"line":52,"column":13}},"11":{"start":{"line":54,"column":22},"end":{"line":54,"column":null}},"12":{"start":{"line":54,"column":10},"end":{"line":54,"column":null}},"13":{"start":{"line":55,"column":4},"end":{"line":57,"column":5}},"14":{"start":{"line":56,"column":6},"end":{"line":56,"column":13}},"15":{"start":{"line":58,"column":28},"end":{"line":58,"column":null}},"16":{"start":{"line":58,"column":10},"end":{"line":58,"column":null}},"17":{"start":{"line":59,"column":4},"end":{"line":74,"column":7}},"18":{"start":{"line":60,"column":23},"end":{"line":60,"column":84}},"19":{"start":{"line":61,"column":6},"end":{"line":63,"column":7}},"20":{"start":{"line":62,"column":8},"end":{"line":62,"column":15}},"21":{"start":{"line":64,"column":6},"end":{"line":67,"column":7}},"22":{"start":{"line":65,"column":8},"end":{"line":65,"column":47}},"23":{"start":{"line":66,"column":8},"end":{"line":66,"column":15}},"24":{"start":{"line":68,"column":6},"end":{"line":68,"column":42}},"25":{"start":{"line":69,"column":6},"end":{"line":69,"column":28}},"26":{"start":{"line":70,"column":6},"end":{"line":72,"column":7}},"27":{"start":{"line":71,"column":8},"end":{"line":71,"column":41}},"28":{"start":{"line":73,"column":6},"end":{"line":73,"column":34}},"29":{"start":{"line":76,"column":34},"end":{"line":79,"column":null}},"30":{"start":{"line":76,"column":39},"end":{"line":79,"column":null}},"31":{"start":{"line":77,"column":4},"end":{"line":77,"column":26}},"32":{"start":{"line":78,"column":4},"end":{"line":78,"column":32}},"33":{"start":{"line":80,"column":21},"end":{"line":83,"column":null}},"34":{"start":{"line":80,"column":26},"end":{"line":83,"column":null}},"35":{"start":{"line":81,"column":4},"end":{"line":81,"column":21}},"36":{"start":{"line":82,"column":4},"end":{"line":82,"column":31}},"37":{"start":{"line":84,"column":17},"end":{"line":98,"column":null}},"38":{"start":{"line":85,"column":21},"end":{"line":85,"column":null}},"39":{"start":{"line":85,"column":10},"end":{"line":85,"column":null}},"40":{"start":{"line":86,"column":4},"end":{"line":97,"column":7}},"41":{"start":{"line":87,"column":6},"end":{"line":95,"column":7}},"42":{"start":{"line":88,"column":39},"end":{"line":88,"column":48}},"43":{"start":{"line":89,"column":8},"end":{"line":91,"column":9}},"44":{"start":{"line":90,"column":10},"end":{"line":90,"column":40}},"45":{"start":{"line":92,"column":8},"end":{"line":92,"column":30}},"46":{"start":{"line":94,"column":8},"end":{"line":94,"column":26}},"47":{"start":{"line":96,"column":6},"end":{"line":96,"column":38}},"48":{"start":{"line":99,"column":28},"end":{"line":99,"column":null}},"49":{"start":{"line":100,"column":4},"end":{"line":106,"column":null}},"50":{"start":{"line":101,"column":6},"end":{"line":101,"column":28}},"51":{"start":{"line":102,"column":6},"end":{"line":102,"column":36}},"52":{"start":{"line":103,"column":6},"end":{"line":105,"column":7}},"53":{"start":{"line":104,"column":8},"end":{"line":104,"column":41}},"54":{"start":{"line":108,"column":16},"end":{"line":111,"column":null}},"55":{"start":{"line":108,"column":28},"end":{"line":111,"column":null}},"56":{"start":{"line":109,"column":4},"end":{"line":109,"column":36}},"57":{"start":{"line":110,"column":4},"end":{"line":110,"column":35}},"58":{"start":{"line":112,"column":34},"end":{"line":115,"column":null}},"59":{"start":{"line":112,"column":39},"end":{"line":115,"column":null}},"60":{"start":{"line":113,"column":4},"end":{"line":113,"column":34}},"61":{"start":{"line":114,"column":4},"end":{"line":114,"column":39}},"62":{"start":{"line":116,"column":17},"end":{"line":116,"column":34}},"63":{"start":{"line":116,"column":34},"end":{"line":119,"column":null}},"64":{"start":{"line":117,"column":4},"end":{"line":117,"column":22}},"65":{"start":{"line":118,"column":4},"end":{"line":118,"column":29}},"66":{"start":{"line":120,"column":36},"end":{"line":123,"column":null}},"67":{"start":{"line":120,"column":41},"end":{"line":123,"column":null}},"68":{"start":{"line":121,"column":4},"end":{"line":121,"column":37}},"69":{"start":{"line":122,"column":4},"end":{"line":122,"column":41}},"70":{"start":{"line":126,"column":23},"end":{"line":167,"column":2}},"71":{"start":{"line":128,"column":35},"end":{"line":128,"column":48}},"72":{"start":{"line":129,"column":27},"end":{"line":129,"column":29}},"73":{"start":{"line":129,"column":43},"end":{"line":129,"column":45}},"74":{"start":{"line":129,"column":51},"end":{"line":129,"column":53}},"75":{"start":{"line":129,"column":56},"end":{"line":129,"column":61}},"76":{"start":{"line":129,"column":65},"end":{"line":129,"column":null}},"77":{"start":{"line":130,"column":17},"end":{"line":130,"column":37}},"78":{"start":{"line":131,"column":4},"end":{"line":133,"column":5}},"79":{"start":{"line":132,"column":6},"end":{"line":132,"column":18}},"80":{"start":{"line":134,"column":4},"end":{"line":146,"column":5}},"81":{"start":{"line":135,"column":24},"end":{"line":135,"column":56}},"82":{"start":{"line":136,"column":22},"end":{"line":136,"column":78}},"83":{"start":{"line":137,"column":6},"end":{"line":143,"column":20}},"84":{"start":{"line":138,"column":26},"end":{"line":138,"column":79}},"85":{"start":{"line":139,"column":21},"end":{"line":139,"column":51}},"86":{"start":{"line":140,"column":8},"end":{"line":142,"column":9}},"87":{"start":{"line":141,"column":10},"end":{"line":141,"column":53}},"88":{"start":{"line":145,"column":6},"end":{"line":145,"column":24}},"89":{"start":{"line":147,"column":4},"end":{"line":147,"column":16}},"90":{"start":{"line":151,"column":4},"end":{"line":165,"column":6}},"91":{"start":{"line":152,"column":25},"end":{"line":152,"column":45}},"92":{"start":{"line":153,"column":6},"end":{"line":164,"column":9}},"93":{"start":{"line":154,"column":8},"end":{"line":157,"column":9}},"94":{"start":{"line":155,"column":10},"end":{"line":155,"column":57}},"95":{"start":{"line":156,"column":10},"end":{"line":156,"column":17}},"96":{"start":{"line":158,"column":32},"end":{"line":158,"column":63}},"97":{"start":{"line":159,"column":8},"end":{"line":163,"column":9}},"98":{"start":{"line":160,"column":10},"end":{"line":160,"column":68}},"99":{"start":{"line":162,"column":10},"end":{"line":162,"column":74}},"100":{"start":{"line":169,"column":80},"end":{"line":169,"column":null}},"101":{"start":{"line":169,"column":94},"end":{"line":172,"column":3}},"102":{"start":{"line":174,"column":13},"end":{"line":179,"column":2}},"103":{"start":{"line":181,"column":0},"end":{"line":186,"column":3}},"104":{"start":{"line":181,"column":34},"end":{"line":181,"column":39}},"105":{"start":{"line":181,"column":44},"end":{"line":181,"column":48}},"106":{"start":{"line":181,"column":69},"end":{"line":181,"column":74}},"107":{"start":{"line":181,"column":82},"end":{"line":181,"column":null}},"108":{"start":{"line":182,"column":15},"end":{"line":182,"column":39}},"109":{"start":{"line":183,"column":2},"end":{"line":185,"column":3}},"110":{"start":{"line":184,"column":4},"end":{"line":184,"column":38}}},"fnMap":{"0":{"name":"(anonymous_17)","decl":{"start":{"line":49,"column":27},"end":{"line":49,"column":28}},"loc":{"start":{"line":49,"column":36},"end":{"line":49,"column":62}}},"1":{"name":"(anonymous_18)","decl":{"start":{"line":50,"column":13},"end":{"line":50,"column":20}},"loc":{"start":{"line":50,"column":13},"end":{"line":75,"column":null}}},"2":{"name":"(anonymous_21)","decl":{"start":{"line":59,"column":22},"end":{"line":59,"column":23}},"loc":{"start":{"line":59,"column":28},"end":{"line":74,"column":5}}},"3":{"name":"(anonymous_22)","decl":{"start":{"line":76,"column":13},"end":{"line":76,"column":20}},"loc":{"start":{"line":76,"column":34},"end":{"line":79,"column":null}}},"4":{"name":"(anonymous_23)","decl":{"start":{"line":76,"column":34},"end":{"line":76,"column":39}},"loc":{"start":{"line":76,"column":34},"end":{"line":79,"column":null}}},"5":{"name":"(anonymous_25)","decl":{"start":{"line":76,"column":57},"end":{"line":76,"column":58}},"loc":{"start":{"line":76,"column":63},"end":{"line":79,"column":3}}},"6":{"name":"(anonymous_26)","decl":{"start":{"line":80,"column":12},"end":{"line":80,"column":19}},"loc":{"start":{"line":80,"column":21},"end":{"line":83,"column":null}}},"7":{"name":"(anonymous_27)","decl":{"start":{"line":80,"column":21},"end":{"line":80,"column":26}},"loc":{"start":{"line":80,"column":21},"end":{"line":83,"column":null}}},"8":{"name":"(anonymous_29)","decl":{"start":{"line":80,"column":44},"end":{"line":80,"column":45}},"loc":{"start":{"line":80,"column":50},"end":{"line":83,"column":3}}},"9":{"name":"(anonymous_30)","decl":{"start":{"line":84,"column":17},"end":{"line":84,"column":null}},"loc":{"start":{"line":84,"column":17},"end":{"line":98,"column":null}}},"10":{"name":"(anonymous_33)","decl":{"start":{"line":86,"column":22},"end":{"line":86,"column":23}},"loc":{"start":{"line":86,"column":28},"end":{"line":97,"column":5}}},"11":{"name":"(anonymous_34)","decl":{"start":{"line":99,"column":15},"end":{"line":99,"column":22}},"loc":{"start":{"line":99,"column":15},"end":{"line":107,"column":null}}},"12":{"name":"(anonymous_37)","decl":{"start":{"line":100,"column":22},"end":{"line":100,"column":23}},"loc":{"start":{"line":100,"column":28},"end":{"line":106,"column":5}}},"13":{"name":"(anonymous_38)","decl":{"start":{"line":108,"column":16},"end":{"line":108,"column":28}},"loc":{"start":{"line":108,"column":16},"end":{"line":111,"column":null}}},"14":{"name":"(anonymous_41)","decl":{"start":{"line":108,"column":46},"end":{"line":108,"column":47}},"loc":{"start":{"line":108,"column":52},"end":{"line":111,"column":3}}},"15":{"name":"(anonymous_42)","decl":{"start":{"line":112,"column":20},"end":{"line":112,"column":27}},"loc":{"start":{"line":112,"column":34},"end":{"line":115,"column":null}}},"16":{"name":"(anonymous_43)","decl":{"start":{"line":112,"column":34},"end":{"line":112,"column":39}},"loc":{"start":{"line":112,"column":34},"end":{"line":115,"column":null}}},"17":{"name":"(anonymous_45)","decl":{"start":{"line":112,"column":57},"end":{"line":112,"column":58}},"loc":{"start":{"line":112,"column":63},"end":{"line":115,"column":3}}},"18":{"name":"(anonymous_46)","decl":{"start":{"line":116,"column":10},"end":{"line":116,"column":17}},"loc":{"start":{"line":116,"column":10},"end":{"line":119,"column":null}}},"19":{"name":"(anonymous_49)","decl":{"start":{"line":116,"column":52},"end":{"line":116,"column":53}},"loc":{"start":{"line":116,"column":58},"end":{"line":119,"column":3}}},"20":{"name":"(anonymous_50)","decl":{"start":{"line":120,"column":22},"end":{"line":120,"column":29}},"loc":{"start":{"line":120,"column":36},"end":{"line":123,"column":null}}},"21":{"name":"(anonymous_51)","decl":{"start":{"line":120,"column":36},"end":{"line":120,"column":41}},"loc":{"start":{"line":120,"column":36},"end":{"line":123,"column":null}}},"22":{"name":"(anonymous_53)","decl":{"start":{"line":120,"column":59},"end":{"line":120,"column":60}},"loc":{"start":{"line":120,"column":65},"end":{"line":123,"column":3}}},"23":{"name":"(anonymous_54)","decl":{"start":{"line":128,"column":29},"end":{"line":128,"column":35}},"loc":{"start":{"line":128,"column":29},"end":{"line":128,"column":47}}},"24":{"name":"(anonymous_55)","decl":{"start":{"line":129,"column":14},"end":{"line":129,"column":15}},"loc":{"start":{"line":129,"column":67},"end":{"line":148,"column":3}}},"25":{"name":"(anonymous_56)","decl":{"start":{"line":150,"column":22},"end":{"line":150,"column":23}},"loc":{"start":{"line":150,"column":50},"end":{"line":166,"column":3}}},"26":{"name":"(anonymous_57)","decl":{"start":{"line":151,"column":11},"end":{"line":151,"column":12}},"loc":{"start":{"line":151,"column":24},"end":{"line":165,"column":5}}},"27":{"name":"(anonymous_58)","decl":{"start":{"line":153,"column":17},"end":{"line":153,"column":null}},"loc":{"start":{"line":153,"column":17},"end":{"line":164,"column":7}}},"28":{"name":"(anonymous_59)","decl":{"start":{"line":169,"column":80},"end":{"line":169,"column":81}},"loc":{"start":{"line":169,"column":89},"end":{"line":169,"column":null}}},"29":{"name":"(anonymous_60)","decl":{"start":{"line":181,"column":25},"end":{"line":181,"column":26}},"loc":{"start":{"line":181,"column":84},"end":{"line":186,"column":1}}}},"branchMap":{"0":{"loc":{"start":{"line":50,"column":28},"end":{"line":50,"column":null}},"type":"if","locations":[{"start":{"line":50,"column":28},"end":{"line":50,"column":null}},{"start":{},"end":{}}]},"1":{"loc":{"start":{"line":51,"column":4},"end":{"line":53,"column":5}},"type":"if","locations":[{"start":{"line":51,"column":4},"end":{"line":53,"column":5}},{"start":{},"end":{}}]},"2":{"loc":{"start":{"line":55,"column":4},"end":{"line":57,"column":5}},"type":"if","locations":[{"start":{"line":55,"column":4},"end":{"line":57,"column":5}},{"start":{},"end":{}}]},"3":{"loc":{"start":{"line":55,"column":9},"end":{"line":55,"column":30}},"type":"cond-expr","locations":[{"start":{"line":55,"column":18},"end":{"line":55,"column":20}},{"start":{"line":55,"column":9},"end":{"line":55,"column":30}}]},"4":{"loc":{"start":{"line":55,"column":9},"end":{"line":55,"column":20}},"type":"binary-expr","locations":[{"start":{"line":55,"column":9},"end":{"line":55,"column":20}},{"start":{"line":55,"column":9},"end":{"line":55,"column":20}}]},"5":{"loc":{"start":{"line":60,"column":23},"end":{"line":60,"column":84}},"type":"binary-expr","locations":[{"start":{"line":60,"column":23},"end":{"line":60,"column":57}},{"start":{"line":60,"column":61},"end":{"line":60,"column":84}}]},"6":{"loc":{"start":{"line":61,"column":6},"end":{"line":63,"column":7}},"type":"if","locations":[{"start":{"line":61,"column":6},"end":{"line":63,"column":7}},{"start":{},"end":{}}]},"7":{"loc":{"start":{"line":64,"column":6},"end":{"line":67,"column":7}},"type":"if","locations":[{"start":{"line":64,"column":6},"end":{"line":67,"column":7}},{"start":{},"end":{}}]},"8":{"loc":{"start":{"line":64,"column":10},"end":{"line":64,"column":45}},"type":"binary-expr","locations":[{"start":{"line":64,"column":10},"end":{"line":64,"column":29}},{"start":{"line":64,"column":33},"end":{"line":64,"column":45}}]},"9":{"loc":{"start":{"line":70,"column":6},"end":{"line":72,"column":7}},"type":"if","locations":[{"start":{"line":70,"column":6},"end":{"line":72,"column":7}},{"start":{},"end":{}}]},"10":{"loc":{"start":{"line":76,"column":39},"end":{"line":79,"column":null}},"type":"switch","locations":[{"start":{"line":76,"column":39},"end":{"line":79,"column":null}},{"start":{"line":76,"column":39},"end":{"line":79,"column":null}}]},"11":{"loc":{"start":{"line":80,"column":26},"end":{"line":83,"column":null}},"type":"switch","locations":[{"start":{"line":80,"column":26},"end":{"line":83,"column":null}},{"start":{"line":80,"column":26},"end":{"line":83,"column":null}}]},"12":{"loc":{"start":{"line":85,"column":21},"end":{"line":85,"column":null}},"type":"switch","locations":[{"start":{"line":85,"column":21},"end":{"line":85,"column":null}}]},"13":{"loc":{"start":{"line":87,"column":6},"end":{"line":95,"column":7}},"type":"if","locations":[{"start":{"line":87,"column":6},"end":{"line":95,"column":7}},{"start":{"line":93,"column":13},"end":{"line":95,"column":7}}]},"14":{"loc":{"start":{"line":89,"column":8},"end":{"line":91,"column":9}},"type":"if","locations":[{"start":{"line":89,"column":8},"end":{"line":91,"column":9}},{"start":{},"end":{}}]},"15":{"loc":{"start":{"line":99,"column":28},"end":{"line":99,"column":null}},"type":"if","locations":[{"start":{"line":99,"column":28},"end":{"line":99,"column":null}},{"start":{},"end":{}}]},"16":{"loc":{"start":{"line":100,"column":4},"end":{"line":106,"column":null}},"type":"switch","locations":[{"start":{"line":100,"column":4},"end":{"line":106,"column":null}}]},"17":{"loc":{"start":{"line":103,"column":6},"end":{"line":105,"column":7}},"type":"if","locations":[{"start":{"line":103,"column":6},"e
[...]
,"36":{"start":{"line":81,"column":4},"end":{"line":92,"column":5}},"37":{"start":{"line":82,"column":23},"end":{"line":82,"column":74}},"38":{"start":{"line":83,"column":19},"end":{"line":83,"column":38}},"39":{"start":{"line":84,"column":6},"end":{"line":90,"column":20}},"40":{"start":{"line":85,"column":8},"end":{"line":85,"column":48}},"41":{"start":{"line":86,"column":21},"end":{"line":86,"column":49}},"42":{"start":{"line":87,"column":8},"end":{"line":89,"column":9}},"43":{"start":{"line":88,"column":10},"end":{"line":88,"column":54}},"44":{"start":{"line":91,"column":6},"end":{"line":91,"column":22}},"45":{"start":{"line":93,"column":4},"end":{"line":95,"column":5}},"46":{"start":{"line":94,"column":6},"end":{"line":94,"column":30}},"47":{"start":{"line":98,"column":4},"end":{"line":106,"column":6}},"48":{"start":{"line":99,"column":6},"end":{"line":105,"column":9}},"49":{"start":{"line":100,"column":8},"end":{"line":103,"column":9}},"50":{"start":{"line":101,"column":10},"end":{"line":101,"column":58}},"51":{"start":{"line":102,"column":10},"end":{"line":102,"column":17}},"52":{"start":{"line":104,"column":8},"end":{"line":104,"column":67}},"53":{"start":{"line":109,"column":4},"end":{"line":109,"column":44}},"54":{"start":{"line":113,"column":13},"end":{"line":118,"column":2}},"55":{"start":{"line":120,"column":0},"end":{"line":125,"column":3}},"56":{"start":{"line":120,"column":35},"end":{"line":120,"column":40}},"57":{"start":{"line":120,"column":45},"end":{"line":120,"column":49}},"58":{"start":{"line":120,"column":70},"end":{"line":120,"column":75}},"59":{"start":{"line":120,"column":83},"end":{"line":120,"column":null}},"60":{"start":{"line":121,"column":15},"end":{"line":121,"column":39}},"61":{"start":{"line":122,"column":2},"end":{"line":124,"column":3}},"62":{"start":{"line":123,"column":4},"end":{"line":123,"column":38}}},"fnMap":{"0":{"name":"(anonymous_17)","decl":{"start":{"line":40,"column":28},"end":{"line":40,"column":29}},"loc":{"start":{"line":40,"column":37},"end":{"line":40,"column":43}}},"1":{"name":"(anonymous_18)","decl":{"start":{"line":41,"column":20},"end":{"line":41,"column":27}},"loc":{"start":{"line":41,"column":33},"end":{"line":46,"column":null}}},"2":{"name":"(anonymous_19)","decl":{"start":{"line":41,"column":33},"end":{"line":41,"column":null}},"loc":{"start":{"line":41,"column":33},"end":{"line":46,"column":null}}},"3":{"name":"(anonymous_21)","decl":{"start":{"line":42,"column":22},"end":{"line":42,"column":23}},"loc":{"start":{"line":42,"column":28},"end":{"line":45,"column":5}}},"4":{"name":"(anonymous_22)","decl":{"start":{"line":47,"column":14},"end":{"line":47,"column":21}},"loc":{"start":{"line":47,"column":14},"end":{"line":51,"column":null}}},"5":{"name":"(anonymous_25)","decl":{"start":{"line":47,"column":62},"end":{"line":47,"column":63}},"loc":{"start":{"line":47,"column":68},"end":{"line":51,"column":3}}},"6":{"name":"(anonymous_26)","decl":{"start":{"line":52,"column":16},"end":{"line":52,"column":23}},"loc":{"start":{"line":52,"column":16},"end":{"line":64,"column":null}}},"7":{"name":"(anonymous_29)","decl":{"start":{"line":52,"column":59},"end":{"line":52,"column":60}},"loc":{"start":{"line":52,"column":65},"end":{"line":64,"column":3}}},"8":{"name":"(anonymous_30)","decl":{"start":{"line":65,"column":19},"end":{"line":65,"column":26}},"loc":{"start":{"line":65,"column":40},"end":{"line":68,"column":null}}},"9":{"name":"(anonymous_31)","decl":{"start":{"line":65,"column":40},"end":{"line":65,"column":45}},"loc":{"start":{"line":65,"column":40},"end":{"line":68,"column":null}}},"10":{"name":"(anonymous_33)","decl":{"start":{"line":65,"column":63},"end":{"line":65,"column":64}},"loc":{"start":{"line":65,"column":69},"end":{"line":68,"column":3}}},"11":{"name":"(anonymous_34)","decl":{"start":{"line":71,"column":28},"end":{"line":71,"column":29}},"loc":{"start":{"line":71,"column":37},"end":{"line":71,"column":null}}},"12":{"name":"(anonymous_35)","decl":{"start":{"line":78,"column":29},"end":{"line":78,"column":35}},"loc":{"start":{"line":78,"column":29},"end":{"line":78,"column":47}}},"13":{"name":"(anonymous_36)","decl":{"start":{"line":79,"column":14},"end":{"line":79,"column":15}},"loc":{"start":{"line":79,"column":39},"end":{"line":96,"column":3}}},"14":{"name":"(anonymous_37)","decl":{"start":{"line":97,"column":22},"end":{"line":97,"column":23}},"loc":{"start":{"line":97,"column":51},"end":{"line":107,"column":3}}},"15":{"name":"(anonymous_38)","decl":{"start":{"line":98,"column":11},"end":{"line":98,"column":12}},"loc":{"start":{"line":98,"column":24},"end":{"line":106,"column":5}}},"16":{"name":"(anonymous_39)","decl":{"start":{"line":99,"column":17},"end":{"line":99,"column":null}},"loc":{"start":{"line":99,"column":17},"end":{"line":105,"column":7}}},"17":{"name":"(anonymous_40)","decl":{"start":{"line":108,"column":21},"end":{"line":108,"column":22}},"loc":{"start":{"line":108,"column":46},"end":{"line":110,"column":3}}},"18":{"name":"(anonymous_41)","decl":{"start":{"line":120,"column":26},"end":{"line":120,"column":27}},"loc":{"start":{"line":120,"column":85},"end":{"line":125,"column":1}}}},"branchMap":{"0":{"loc":{"start":{"line":42,"column":4},"end":{"line":45,"column":null}},"type":"switch","locations":[{"start":{"line":42,"column":4},"end":{"line":45,"column":null}}]},"1":{"loc":{"start":{"line":47,"column":21},"end":{"line":47,"column":44}},"type":"if","locations":[{"start":{"line":47,"column":21},"end":{"line":47,"column":44}},{"start":{},"end":{}}]},"2":{"loc":{"start":{"line":47,"column":44},"end":{"line":51,"column":null}},"type":"switch","locations":[{"start":{"line":47,"column":44},"end":{"line":51,"column":null}},{"start":{"line":47,"column":44},"end":{"line":51,"column":null}}]},"3":{"loc":{"start":{"line":48,"column":23},"end":{"line":48,"column":91}},"type":"cond-expr","locations":[{"start":{"line":48,"column":75},"end":{"line":48,"column":84}},{"start":{"line":48,"column":87},"end":{"line":48,"column":91}}]},"4":{"loc":{"start":{"line":48,"column":23},"end":{"line":48,"column":72}},"type":"binary-expr","locations":[{"start":{"line":48,"column":23},"end":{"line":48,"column":41}},{"start":{"line":48,"column":45},"end":{"line":48,"column":72}}]},"5":{"loc":{"start":{"line":52,"column":23},"end":{"line":52,"column":41}},"type":"if","locations":[{"start":{"line":52,"column":23},"end":{"line":52,"column":41}},{"start":{},"end":{}}]},"6":{"loc":{"start":{"line":52,"column":41},"end":{"line":64,"column":null}},"type":"switch","locations":[{"start":{"line":52,"column":41},"end":{"line":64,"column":null}},{"start":{"line":52,"column":41},"end":{"line":64,"column":null}}]},"7":{"loc":{"start":{"line":54,"column":4},"end":{"line":62,"column":5}},"type":"if","locations":[{"start":{"line":54,"column":4},"end":{"line":62,"column":5}},{"start":{"line":56,"column":11},"end":{"line":62,"column":5}}]},"8":{"loc":{"start":{"line":58,"column":6},"end":{"line":61,"column":7}},"type":"if","locations":[{"start":{"line":58,"column":6},"end":{"line":61,"column":7}},{"start":{},"end":{}}]},"9":{"loc":{"start":{"line":65,"column":45},"end":{"line":68,"column":null}},"type":"switch","locations":[{"start":{"line":65,"column":45},"end":{"line":68,"column":null}},{"start":{"line":65,"column":45},"end":{"line":68,"column":null}}]},"10":{"loc":{"start":{"line":81,"column":4},"end":{"line":92,"column":5}},"type":"if","locations":[{"start":{"line":81,"column":4},"end":{"line":92,"column":5}},{"start":{},"end":{}}]},"11":{"loc":{"start":{"line":85,"column":20},"end":{"line":85,"column":47}},"type":"cond-expr","locations":[{"start":{"line":85,"column":40},"end":{"line":85,"column":42}},{"start":{"line":85,"column":40},"end":{"line":85,"column":47}}]},"12":{"loc":{"start":{"line":85,"column":20},"end":{"line":85,"column":42}},"type":"binary-expr","locations":[{"start":{"line":85,"column":20},"end":{"line":85,"column":42}},{"start":{"line":85,"column":40},"end":{"line":85,"column":42}}]},"13":{"loc":{"start":{"line":87,"column":8},"end":{"line":89,"column":9}},"type":"if","locations":[{"start":{"line":87,"column":8},"end":{"line":89,"column":9}},{"start":{},"end":{}}]},"14":{"loc":{"start":{"line":93,"column":4},"end":{"line":95,"column":5}},"type":"if","locations":[{"start":{"line":93,"column":4},"end":{"line":95,"column":5}},{"start":{},"end":{}}]},"15":{"loc":{"start":{"line":100,"column":8},"end":{"line":103,"column":9}},"type":"if","locations":[{"start":{"line":100,"column":8},"end":{"line":103,"column":9}},{"start":{},"end":{}}]},"16":{"loc":{"start":{"line":122,"column":2},"end":{"line":124,"column":3}},"type":"if","locations":[{"start":{"line":122,"column":2},"end":{"line":124,"column":3}},{"start":{},"end":{}}]}},"s":{"0":1,"1":1,"2":1,"3":1,"4":1,"5":1,"6":1,"7":1,"8":0,"9":0,"10":0,"11":0,"12":0,"13":0,"14":0,"15":0,"16":0,"17":0,"18":0,"19":0,"20":0,"21":0,"22":0,"23":0,"24":0,"25":0,"26":0,"27":0,"28":0,"29":0,"30":0,"31":1,"32":1,"33":1,"34":1,"35":0,"36":0,"37":0,"38":0,"39":0,"40":0,"41":0,"42":0,"43":0,"44":0,"45":0,"46":0,"47":1,"48":1,"49":0,"50":0,"51":0,"52":0,"53":0,"54":1,"55":1,"56":0,"57":0,"58":0,"59":0,"60":0,"61":0,"62":0},"f":{"0":1,"1":0,"2":0,"3":0,"4":0,"5":0,"6":0,"7":0,"8":0,"9":0,"10":0,"11":1,"12":1,"13":0,"14":1,"15":1,"16":0,"17":0,"18":0},"b":{"0":[0],"1":[0,0],"2":[0,0],"3":[0,0],"4":[0,0],"5":[0,0],"6":[0,0],"7":[0,0],"8":[0,0],"9":[0,0],"10":[0,0],"11":[0,0],"12":[0,0],"13":[0,0],"14":[0,0],"15":[0,0],"16":[0,0]}}
,"/Users/samrod/Sites/daisy/packages/web/src/state/sessionStore.ts": {"path":"/Users/samrod/Sites/daisy/packages/web/src/state/sessionStore.ts","statementMap":{"0":{"start":{"line":1,"column":0},"end":{"line":1,"column":67}},"1":{"start":{"line":2,"column":0},"end":{"line":2,"column":null}},"2":{"start":{"line":6,"column":0},"end":{"line":6,"column":null}},"3":{"start":{"line":11,"column":30},"end":{"line":13,"column":2}},"4":{"start":{"line":11,"column":85},"end":{"line":13,"column":2}},"5":{"start":{"line":12,"column":2},"end":{"line":12,"column":59}},"6":{"start":{"line":11,"column":13},"end":{"line":11,"column":30}},"7":{"start":{"line":15,"column":33},"end":{"line":27,"column":2}},"8":{"start":{"line":15,"column":80},"end":{"line":27,"column":2}},"9":{"start":{"line":16,"column":8},"end":{"line":16,"column":96}},"10":{"start":{"line":17,"column":2},"end":{"line":20,"column":3}},"11":{"start":{"line":18,"column":4},"end":{"line":18,"column":73}},"12":{"start":{"line":19,"column":4},"end":{"line":19,"column":11}},"13":{"start":{"line":21,"column":18},"end":{"line":21,"column":56}},"14":{"start":{"line":21,"column":18},"end":{"line":21,"column":33}},"15":{"start":{"line":21,"column":56},"end":{"line":21,"column":null}},"16":{"start":{"line":21,"column":8},"end":{"line":21,"column":null}},"17":{"start":{"line":22,"column":2},"end":{"line":25,"column":3}},"18":{"start":{"line":23,"column":4},"end":{"line":23,"column":67}},"19":{"start":{"line":24,"column":4},"end":{"line":24,"column":11}},"20":{"start":{"line":26,"column":2},"end":{"line":26,"column":62}},"21":{"start":{"line":15,"column":13},"end":{"line":15,"column":33}},"22":{"start":{"line":29,"column":31},"end":{"line":41,"column":2}},"23":{"start":{"line":29,"column":45},"end":{"line":41,"column":2}},"24":{"start":{"line":30,"column":10},"end":{"line":30,"column":25}},"25":{"start":{"line":31,"column":10},"end":{"line":31,"column":19}},"26":{"start":{"line":32,"column":2},"end":{"line":35,"column":3}},"27":{"start":{"line":33,"column":4},"end":{"line":33,"column":71}},"28":{"start":{"line":34,"column":4},"end":{"line":34,"column":11}},"29":{"start":{"line":36,"column":2},"end":{"line":38,"column":3}},"30":{"start":{"line":37,"column":4},"end":{"line":37,"column":59}},"31":{"start":{"line":40,"column":2},"end":{"line":40,"column":44}},"32":{"start":{"line":29,"column":13},"end":{"line":29,"column":31}},"33":{"start":{"line":43,"column":34},"end":{"line":46,"column":1}},"34":{"start":{"line":44,"column":22},"end":{"line":44,"column":59}},"35":{"start":{"line":45,"column":2},"end":{"line":45,"column":33}},"36":{"start":{"line":43,"column":13},"end":{"line":43,"column":34}},"37":{"start":{"line":48,"column":32},"end":{"line":52,"column":2}},"38":{"start":{"line":49,"column":8},"end":{"line":49,"column":42}},"39":{"start":{"line":50,"column":18},"end":{"line":50,"column":null}},"40":{"start":{"line":50,"column":8},"end":{"line":50,"column":null}},"41":{"start":{"line":51,"column":2},"end":{"line":51,"column":17}},"42":{"start":{"line":48,"column":13},"end":{"line":48,"column":32}},"43":{"start":{"line":54,"column":29},"end":{"line":78,"column":2}},"44":{"start":{"line":55,"column":8},"end":{"line":55,"column":39}},"45":{"start":{"line":56,"column":26},"end":{"line":56,"column":null}},"46":{"start":{"line":56,"column":8},"end":{"line":56,"column":null}},"47":{"start":{"line":58,"column":2},"end":{"line":61,"column":3}},"48":{"start":{"line":59,"column":4},"end":{"line":59,"column":82}},"49":{"start":{"line":60,"column":4},"end":{"line":60,"column":11}},"50":{"start":{"line":62,"column":2},"end":{"line":62,"column":17}},"51":{"start":{"line":63,"column":2},"end":{"line":63,"column":15}},"52":{"start":{"line":64,"column":8},"end":{"line":64,"column":59}},"53":{"start":{"line":65,"column":8},"end":{"line":65,"column":33}},"54":{"start":{"line":67,"column":2},"end":{"line":67,"column":45}},"55":{"start":{"line":68,"column":2},"end":{"line":68,"column":43}},"56":{"start":{"line":69,"column":2},"end":{"line":77,"column":5}},"57":{"start":{"line":54,"column":13},"end":{"line":54,"column":29}},"58":{"start":{"line":80,"column":26},"end":{"line":95,"column":2}},"59":{"start":{"line":80,"column":33},"end":{"line":80,"column":null}},"60":{"start":{"line":81,"column":8},"end":{"line":81,"column":69}},"61":{"start":{"line":83,"column":2},"end":{"line":83,"column":64}},"62":{"start":{"line":84,"column":2},"end":{"line":84,"column":52}},"63":{"start":{"line":85,"column":2},"end":{"line":85,"column":77}},"64":{"start":{"line":86,"column":2},"end":{"line":90,"column":5}},"65":{"start":{"line":92,"column":2},"end":{"line":92,"column":18}},"66":{"start":{"line":93,"column":2},"end":{"line":93,"column":28}},"67":{"start":{"line":94,"column":2},"end":{"line":94,"column":30}},"68":{"start":{"line":80,"column":13},"end":{"line":80,"column":26}},"69":{"start":{"line":97,"column":30},"end":{"line":106,"column":1}},"70":{"start":{"line":98,"column":24},"end":{"line":98,"column":51}},"71":{"start":{"line":99,"column":2},"end":{"line":102,"column":3}},"72":{"start":{"line":100,"column":4},"end":{"line":100,"column":57}},"73":{"start":{"line":101,"column":4},"end":{"line":101,"column":16}},"74":{"start":{"line":103,"column":19},"end":{"line":103,"column":39}},"75":{"start":{"line":104,"column":20},"end":{"line":104,"column":85}},"76":{"start":{"line":105,"column":2},"end":{"line":105,"column":44}},"77":{"start":{"line":97,"column":13},"end":{"line":97,"column":30}}},"fnMap":{"0":{"name":"(anonymous_14)","decl":{"start":{"line":11,"column":30},"end":{"line":11,"column":37}},"loc":{"start":{"line":11,"column":85},"end":{"line":13,"column":2}}},"1":{"name":"(anonymous_15)","decl":{"start":{"line":11,"column":85},"end":{"line":11,"column":null}},"loc":{"start":{"line":11,"column":85},"end":{"line":13,"column":2}}},"2":{"name":"(anonymous_17)","decl":{"start":{"line":15,"column":33},"end":{"line":15,"column":40}},"loc":{"start":{"line":15,"column":80},"end":{"line":27,"column":2}}},"3":{"name":"(anonymous_18)","decl":{"start":{"line":15,"column":80},"end":{"line":15,"column":null}},"loc":{"start":{"line":15,"column":80},"end":{"line":27,"column":2}}},"4":{"name":"(anonymous_20)","decl":{"start":{"line":29,"column":31},"end":{"line":29,"column":38}},"loc":{"start":{"line":29,"column":45},"end":{"line":41,"column":2}}},"5":{"name":"(anonymous_21)","decl":{"start":{"line":29,"column":45},"end":{"line":29,"column":null}},"loc":{"start":{"line":29,"column":45},"end":{"line":41,"column":2}}},"6":{"name":"(anonymous_23)","decl":{"start":{"line":43,"column":34},"end":{"line":43,"column":null}},"loc":{"start":{"line":43,"column":34},"end":{"line":46,"column":1}}},"7":{"name":"(anonymous_24)","decl":{"start":{"line":48,"column":32},"end":{"line":48,"column":null}},"loc":{"start":{"line":48,"column":32},"end":{"line":52,"column":2}}},"8":{"name":"(anonymous_27)","decl":{"start":{"line":54,"column":29},"end":{"line":54,"column":null}},"loc":{"start":{"line":54,"column":29},"end":{"line":78,"column":2}}},"9":{"name":"(anonymous_30)","decl":{"start":{"line":80,"column":26},"end":{"line":80,"column":33}},"loc":{"start":{"line":80,"column":26},"end":{"line":95,"column":2}}},"10":{"name":"(anonymous_33)","decl":{"start":{"line":97,"column":30},"end":{"line":97,"column":null}},"loc":{"start":{"line":97,"column":30},"end":{"line":106,"column":1}}}},"branchMap":{"0":{"loc":{"start":{"line":12,"column":2},"end":{"line":12,"column":59}},"type":"switch","locations":[{"start":{"line":12,"column":2},"end":{"line":12,"column":59}}]},"1":{"loc":{"start":{"line":16,"column":21},"end":{"line":16,"column":95}},"type":"binary-expr","locations":[{"start":{"line":16,"column":21},"end":{"line":16,"column":55}},{"start":{"line":16,"column":59},"end":{"line":16,"column":95}}]},"2":{"loc":{"start":{"line":17,"column":2},"end":{"line":20,"column":3}},"type":"if","locations":[{"start":{"line":17,"column":2},"end":{"line":20,"column":3}},{"start":{},"end":{}}]},"3":{"loc":{"start":{"line":21,"column":18},"end":{"line":21,"column":33}},"type":"if","locations":[{"start":{"line":21,"column":18},"end":{"line":21,"column":33}},{"start":{},"end":{}}]},"4":{"loc":{"start":{"line":22,"column":2},"end":{"line":25,"column":3}},"type":"if","locations":[{"start":{"line":22,"column":2},"end":{"line":25,"column":3}},{"start":{},"end":{}}]},"5":{"loc":{"start":{"line":32,"column":2},"end":{"line":35,"column":3}},"type":"if","locations":[{"start":{"line":32,"column":2},"end":{"line":35,"column":3}},{"start":{},"end":{}}]},"6":{"loc":{"start":{"line":36,"column":2},"end":{"line":38,"column":3}},"type":"if","locations":[{"start":{"line":36,"column":2},"end":{"line":38,"column":3}},{"start":{},"end":{}}]},"7":{"loc":{"start":{"line":58,"column":2},"end":{"line":61,"column":3}},"type":"if","locations":[{"start":{"line":58,"column":2},"end":{"line":61,"column":3}},{"start":{},"end":{}}]},"8":{"loc":{"start":{"line":80,"column":33},"end":{"line":80,"column":null}},"type":"if","locations":[{"start":{"line":80,"column":33},"end":{"line":80,"column":null}},{"start":{},"end":{}}]},"9":{"loc":{"start":{"line":85,"column":42},"end":{"line":85,"column":75}},"type":"cond-expr","locations":[{"start":{"line":85,"column":53},"end":{"line":85,"column":60}},{"start":{"line":85,"column":63},"end":{"line":85,"column":75}}]},"10":{"loc":{"start":{"line":94,"column":12},"end":{"line":94,"column":28}},"type":"cond-expr","locations":[{"start":{"line":94,"column":23},"end":{"line":94,"column":24}},{"start":{"line":94,"column":27},"end":{"line":94,"column":28}}]},"11":{"loc":{"start":{"line":99,"column":2},"end":{"line":102,"column":3}},"type":"if","locations":[{"start":{"line":99,"column":2},"end":{"line":102,"column":3}},{"start":{},"end":{}}]}},"s":{"0":1,"1":1,"2":1,"3":1,"4":0,"5":0,"6":1,"7":1,"8":0,"9":0,"10":0,"11":0,"12":0,"13":0,"14":0,"15":0,"16":0,"17":0,"18":0,"19":0,"20":0,"21":1,"22":1,"23":0,"24":0,"25":0,"26":0,"27":0,"28":0,"29":0,"30":0,"31":0,"32":1,"33":1,"34":0,"35":0,"36":1,"37":1,"38":0,"39":0,"40":0,"41":0,"42":1,"43":1,"44":0,"45":0,"46":0,"47":0,"48":0,"49":0,"50":0,"51":0,"52":0,"53":0,"54":0,"55":0,"56":0,"57":1,"58":1,"59":0,"60":0,"61":0,"62":0,"63":0,"64":0,"65":0,"66":0,"67":0,"68":1,"69":1,"70":0,"71":0,"72":0,"73":0,"74":0,"75":0,"76":0,"77":1},"f":{"0":0,"1":0,"2":0,"3":0,"4":0,"5":0,"6":0,"7":0,"8":0,"9":0,"10":0},"b":{"0":[0],"1":[0,0],"2":[0,0],"3":[0,0],"4":[0,0],"5":[0,0],"6":[0,0],"7":[0,0],"8":[0,0],"9":[0,0],"10":[0,0],"11":[0,0]}}
}
