TN:
SF:src/lib/audio.ts
FN:9,(anonymous_13)
FN:16,(anonymous_14)
FN:33,(anonymous_15)
FN:47,(anonymous_16)
FN:76,(anonymous_17)
FN:106,(anonymous_20)
FNF:6
FNH:6
FNDA:3,(anonymous_13)
FNDA:3,(anonymous_14)
FNDA:3,(anonymous_15)
FNDA:3,(anonymous_16)
FNDA:6,(anonymous_17)
FNDA:1,(anonymous_20)
DA:9,1
DA:10,3
DA:11,3
DA:13,3
DA:16,1
DA:19,3
DA:24,3
DA:25,3
DA:26,3
DA:27,3
DA:28,3
DA:29,3
DA:30,3
DA:33,1
DA:39,3
DA:40,3
DA:41,3
DA:42,3
DA:43,3
DA:44,3
DA:47,1
DA:59,3
DA:60,3
DA:61,3
DA:63,3
DA:64,1
DA:65,1
DA:67,1
DA:68,1
DA:70,1
DA:71,1
DA:73,3
DA:76,4
DA:77,3
DA:78,3
DA:79,3
DA:80,3
DA:81,3
DA:83,3
DA:84,5
DA:86,3
DA:87,3
DA:88,3
DA:98,3
DA:99,3
DA:101,3
DA:102,3
DA:105,1
DA:106,1
DA:107,1
DA:108,1
DA:110,1
DA:111,1
DA:112,1
DA:114,1
DA:115,1
DA:116,1
DA:118,1
DA:120,1
DA:121,44100
DA:122,44100
DA:123,44100
DA:124,44100
DA:126,44100
DA:127,44100
DA:130,1
DA:131,1
LF:67
LH:67
BRDA:10,0,0,3
BRDA:10,0,1,0
BRDA:11,1,0,3
BRDA:11,1,1,0
BRDA:19,2,0,0
BRDA:19,2,1,3
BRDA:63,3,0,1
BRDA:63,3,1,2
BRDA:77,4,0,0
BRDA:77,4,1,3
BRDA:78,5,0,0
BRDA:78,5,1,3
BRDA:79,6,0,0
BRDA:79,6,1,3
BRDA:80,7,0,0
BRDA:80,7,1,3
BRDA:81,8,0,0
BRDA:81,8,1,3
BRDA:84,9,0,2
BRDA:84,9,1,1
BRDA:98,10,0,3
BRDA:98,10,1,0
BRDA:99,11,0,1
BRDA:99,11,1,2
BRDA:106,12,0,0
BRDA:106,12,1,1
BRDA:106,13,0,0
BRDA:106,13,1,1
BRDA:107,14,0,1
BRDA:107,14,1,0
BRDA:108,15,0,0
BRDA:108,15,1,1
BRDA:121,16,0,44100
BRDA:121,16,1,0
BRF:34
BRH:20
end_of_record
TN:
SF:src/lib/authHandlers.ts
FN:27,(anonymous_13)
FN:29,(anonymous_14)
FN:30,(anonymous_15)
FN:30,(anonymous_16)
FN:34,(anonymous_18)
FN:34,(anonymous_19)
FN:38,(anonymous_21)
FN:42,(anonymous_22)
FN:42,(anonymous_23)
FN:43,(anonymous_25)
FN:45,(anonymous_26)
FN:46,(anonymous_27)
FN:49,(anonymous_28)
FN:52,(anonymous_29)
FNF:14
FNH:14
FNDA:7,(anonymous_13)
FNDA:1,(anonymous_14)
FNDA:1,(anonymous_15)
FNDA:1,(anonymous_16)
FNDA:1,(anonymous_18)
FNDA:1,(anonymous_19)
FNDA:1,(anonymous_21)
FNDA:1,(anonymous_22)
FNDA:3,(anonymous_23)
FNDA:1,(anonymous_25)
FNDA:1,(anonymous_26)
FNDA:1,(anonymous_27)
FNDA:1,(anonymous_28)
FNDA:1,(anonymous_29)
DA:2,1
DA:12,1
DA:13,1
DA:27,7
DA:29,1
DA:30,1
DA:31,1
DA:32,1
DA:34,1
DA:35,1
DA:36,2
DA:39,1
DA:40,1
DA:42,2
DA:43,1
DA:45,1
DA:46,1
DA:47,1
DA:49,1
DA:50,1
DA:52,1
DA:53,1
LF:22
LH:22
BRDA:31,0,0,1
BRDA:35,1,0,1
BRDA:42,2,0,1
BRDA:42,2,1,1
BRF:4
BRH:4
end_of_record
TN:
SF:src/lib/constants.ts
FN:14,(anonymous_0)
FN:21,(anonymous_1)
FNF:2
FNH:1
FNDA:3,(anonymous_0)
FNDA:0,(anonymous_1)
DA:1,2
DA:14,2
DA:15,3
DA:16,3
DA:18,0
DA:21,2
DA:34,2
DA:35,2
DA:36,2
DA:37,2
DA:39,2
DA:40,2
DA:41,2
DA:42,2
DA:43,2
DA:45,2
DA:64,2
LF:17
LH:16
BRDA:15,0,0,3
BRDA:15,0,1,0
BRDA:15,1,0,3
BRDA:15,1,1,3
BRDA:15,1,2,3
BRDA:22,2,0,0
BRDA:22,2,1,0
BRDA:22,3,0,0
BRDA:22,3,1,0
BRDA:31,4,0,0
BRDA:31,4,1,0
BRF:11
BRH:4
end_of_record
TN:
SF:src/lib/dom.ts
FN:3,unbindEvent
FN:7,bindEvent
FN:11,(anonymous_2)
FN:16,(anonymous_3)
FNF:4
FNH:4
FNDA:1,unbindEvent
FNDA:3,bindEvent
FNDA:1,(anonymous_2)
FNDA:3,(anonymous_3)
DA:1,4
DA:3,4
DA:4,1
DA:7,4
DA:8,3
DA:11,4
DA:12,1
DA:13,1
DA:16,4
DA:17,3
DA:18,3
DA:19,3
DA:20,1
DA:23,2
DA:25,1
DA:26,1
DA:28,0
DA:29,0
DA:31,1
DA:32,1
DA:34,0
DA:35,0
DA:37,0
DA:38,0
DA:40,0
LF:25
LH:18
BRDA:7,0,0,2
BRDA:7,0,1,1
BRDA:19,1,0,1
BRDA:19,1,1,2
BRDA:23,2,0,1
BRDA:23,2,1,0
BRDA:23,2,2,1
BRDA:23,2,3,0
BRDA:23,2,4,0
BRDA:23,2,5,0
BRF:10
BRH:6
end_of_record
TN:
SF:src/lib/hooks.ts
FN:10,(anonymous_13)
FN:14,(anonymous_14)
FN:22,(anonymous_17)
FN:27,(anonymous_18)
FN:31,(anonymous_19)
FN:42,(anonymous_20)
FN:67,(anonymous_23)
FN:73,(anonymous_24)
FN:74,(anonymous_25)
FN:91,(anonymous_26)
FN:94,(anonymous_27)
FN:99,(anonymous_28)
FN:109,(anonymous_29)
FN:110,(anonymous_30)
FN:115,(anonymous_31)
FN:124,(anonymous_32)
FN:133,(anonymous_35)
FN:134,(anonymous_36)
FN:148,(anonymous_39)
FNF:19
FNH:14
FNDA:1,(anonymous_13)
FNDA:2,(anonymous_14)
FNDA:1,(anonymous_17)
FNDA:1,(anonymous_18)
FNDA:0,(anonymous_19)
FNDA:2,(anonymous_20)
FNDA:1,(anonymous_23)
FNDA:2,(anonymous_24)
FNDA:2,(anonymous_25)
FNDA:1,(anonymous_26)
FNDA:1,(anonymous_27)
FNDA:1,(anonymous_28)
FNDA:1,(anonymous_29)
FNDA:1,(anonymous_30)
FNDA:0,(anonymous_31)
FNDA:0,(anonymous_32)
FNDA:0,(anonymous_35)
FNDA:0,(anonymous_36)
FNDA:1,(anonymous_39)
DA:1,1
DA:2,1
DA:3,1
DA:4,1
DA:5,1
DA:10,1
DA:11,1
DA:12,1
DA:14,1
DA:15,1
DA:17,1
DA:18,1
DA:22,1
DA:23,1
DA:27,1
DA:28,1
DA:29,1
DA:31,1
DA:32,0
DA:33,0
DA:34,0
DA:35,0
DA:37,0
DA:42,2
DA:45,1
DA:46,1
DA:47,1
DA:50,0
DA:51,0
DA:52,0
DA:56,0
DA:57,0
DA:59,0
DA:62,1
DA:63,1
DA:67,1
DA:68,1
DA:73,1
DA:74,2
DA:75,2
DA:76,0
DA:78,2
DA:79,1
DA:83,1
DA:84,1
DA:91,1
DA:92,1
DA:94,1
DA:95,1
DA:96,1
DA:97,1
DA:99,1
DA:100,1
DA:101,1
DA:102,1
DA:109,1
DA:110,1
DA:111,1
DA:112,1
DA:113,1
DA:115,1
DA:116,0
DA:117,0
DA:118,0
DA:119,0
DA:121,0
DA:124,1
DA:125,0
DA:126,0
DA:127,0
DA:128,0
DA:129,0
DA:133,1
DA:134,0
DA:135,0
DA:136,0
DA:137,0
DA:138,0
DA:140,0
DA:141,0
DA:142,0
DA:148,1
DA:149,1
DA:150,1
DA:151,1
DA:156,1
DA:160,1
DA:161,1
DA:164,1
LF:89
LH:59
BRDA:15,0,0,1
BRDA:17,1,0,1
BRDA:17,1,1,0
BRDA:17,2,0,1
BRDA:17,2,1,1
BRDA:17,2,2,1
BRDA:17,3,0,0
BRDA:17,3,1,1
BRDA:17,4,0,1
BRDA:17,4,1,1
BRDA:33,5,0,0
BRDA:33,5,1,0
BRDA:34,6,0,0
BRDA:34,6,1,0
BRDA:46,7,0,0
BRDA:46,7,1,1
BRDA:46,8,0,0
BRDA:46,8,1,1
BRDA:46,9,0,1
BRDA:46,9,1,1
BRDA:50,10,0,0
BRDA:50,10,1,0
BRDA:50,11,0,0
BRDA:50,11,1,0
BRDA:50,12,0,0
BRDA:50,12,1,0
BRDA:52,13,0,0
BRDA:52,13,1,0
BRDA:53,14,0,0
BRDA:53,14,1,0
BRDA:53,14,2,0
BRDA:53,14,3,0
BRDA:53,14,4,0
BRDA:57,15,0,0
BRDA:57,15,1,0
BRDA:75,16,0,0
BRDA:75,16,1,2
BRDA:78,17,0,1
BRDA:78,17,1,1
BRDA:83,18,0,1
BRDA:83,18,1,0
BRDA:91,19,0,0
BRDA:91,19,1,1
BRDA:91,20,0,0
BRDA:91,20,1,1
BRDA:95,21,0,1
BRDA:95,21,1,0
BRDA:95,22,0,1
BRDA:95,22,1,1
BRDA:100,23,0,1
BRDA:100,23,1,0
BRDA:118,24,0,0
BRDA:118,24,1,0
BRDA:121,25,0,0
BRDA:121,25,1,0
BRDA:125,26,0,0
BRDA:125,26,1,0
BRDA:135,27,0,0
BRDA:135,27,1,0
BRDA:136,28,0,0
BRDA:136,28,1,0
BRDA:150,29,0,1
BRDA:150,29,1,0
BRDA:150,30,0,1
BRDA:150,30,1,0
BRDA:160,31,0,1
BRDA:160,31,1,0
BRF:67
BRH:25
end_of_record
TN:
SF:src/lib/logging.ts
FN:12,(anonymous_1)
FN:19,(anonymous_2)
FN:29,(anonymous_3)
FN:30,(anonymous_4)
FN:38,(anonymous_5)
FN:46,(anonymous_6)
FN:64,(anonymous_7)
FNF:7
FNH:7
FNDA:1,(anonymous_1)
FNDA:1,(anonymous_2)
FNDA:12,(anonymous_3)
FNDA:8,(anonymous_4)
FNDA:10,(anonymous_5)
FNDA:8,(anonymous_6)
FNDA:2,(anonymous_7)
DA:1,1
DA:2,1
DA:5,1
DA:12,1
DA:19,1
DA:29,12
DA:30,1
DA:31,8
DA:32,8
DA:34,0
DA:35,0
DA:38,1
DA:39,10
DA:40,4
DA:42,6
DA:43,6
DA:44,6
DA:45,6
DA:46,6
DA:47,8
DA:48,8
DA:50,8
DA:51,1
DA:52,1
DA:53,1
DA:56,7
DA:57,4
DA:61,6
DA:64,1
DA:67,2
DA:71,2
DA:72,1
DA:74,1
DA:75,1
DA:76,1
LF:35
LH:33
BRDA:13,0,0,1
BRDA:13,0,1,0
BRDA:22,1,0,1
BRDA:22,1,1,0
BRDA:23,2,0,1
BRDA:23,2,1,0
BRDA:31,3,0,8
BRDA:31,3,1,0
BRDA:39,4,0,4
BRDA:39,4,1,6
BRDA:39,5,0,10
BRDA:39,5,1,8
BRDA:45,6,0,6
BRDA:45,6,1,0
BRDA:45,7,0,6
BRDA:45,7,1,0
BRDA:50,8,0,1
BRDA:50,8,1,7
BRDA:50,9,0,8
BRDA:50,9,1,1
BRDA:50,9,2,1
BRDA:50,9,3,1
BRDA:52,10,0,1
BRDA:52,10,1,0
BRDA:56,11,0,4
BRDA:56,11,1,3
BRDA:61,12,0,1
BRDA:61,12,1,5
BRDA:67,13,0,0
BRDA:67,13,1,2
BRDA:71,14,0,1
BRDA:71,14,1,1
BRDA:74,15,0,0
BRDA:74,15,1,1
BRDA:75,16,0,0
BRDA:75,16,1,1
BRF:36
BRH:26
end_of_record
TN:
SF:src/lib/messaging.ts
FN:1,receiveMessage
FN:22,(anonymous_2)
FN:32,(anonymous_3)
FN:32,(anonymous_4)
FN:34,(anonymous_5)
FNF:5
FNH:5
FNDA:4,receiveMessage
FNDA:2,(anonymous_2)
FNDA:1,(anonymous_3)
FNDA:1,(anonymous_4)
FNDA:1,(anonymous_5)
DA:1,4
DA:3,4
DA:4,4
DA:6,2
DA:7,0
DA:9,2
DA:11,2
DA:12,4
DA:13,2
DA:15,1
DA:17,1
DA:22,1
DA:24,2
DA:25,2
DA:27,2
DA:28,1
DA:29,1
DA:31,1
DA:32,1
DA:33,1
DA:36,1
LF:21
LH:20
BRDA:6,0,0,0
BRDA:6,0,1,2
BRDA:6,1,0,2
BRDA:6,1,1,0
BRDA:11,2,0,2
BRDA:11,2,1,0
BRDA:13,3,0,1
BRDA:13,3,1,1
BRDA:24,4,0,0
BRDA:24,4,1,2
BRDA:24,5,0,0
BRDA:24,5,1,0
BRDA:25,6,0,0
BRDA:25,6,1,2
BRDA:27,7,0,1
BRDA:27,7,1,1
BRF:16
BRH:9
end_of_record
TN:
SF:src/lib/state.ts
FN:2,(anonymous_13)
FN:4,(anonymous_14)
FN:7,(anonymous_15)
FN:7,(anonymous_17)
FN:8,(anonymous_18)
FNF:5
FNH:4
FNDA:0,(anonymous_13)
FNDA:2,(anonymous_14)
FNDA:2,(anonymous_15)
FNDA:2,(anonymous_17)
FNDA:2,(anonymous_18)
DA:1,1
DA:2,1
DA:4,1
DA:6,2
DA:7,2
DA:8,2
DA:9,2
DA:10,2
LF:8
LH:8
BRF:0
BRH:0
end_of_record
TN:
SF:src/lib/testUtils.helper.ts
FN:6,createMockAudioContext
FN:15,(anonymous_9)
FN:16,(anonymous_10)
FN:17,(anonymous_11)
FN:18,(anonymous_12)
FN:19,(anonymous_13)
FN:19,(anonymous_14)
FN:26,createMockWindow
FN:30,(anonymous_16)
FN:30,(anonymous_17)
FN:30,(anonymous_18)
FN:32,(anonymous_20)
FN:32,(anonymous_21)
FN:32,(anonymous_22)
FNF:14
FNH:7
FNDA:3,createMockAudioContext
FNDA:3,(anonymous_9)
FNDA:3,(anonymous_10)
FNDA:4,(anonymous_11)
FNDA:1,(anonymous_12)
FNDA:1,(anonymous_13)
FNDA:2,(anonymous_14)
FNDA:0,createMockWindow
FNDA:0,(anonymous_16)
FNDA:0,(anonymous_17)
FNDA:0,(anonymous_18)
FNDA:0,(anonymous_20)
FNDA:0,(anonymous_21)
FNDA:0,(anonymous_22)
DA:6,1
DA:7,3
DA:8,3
DA:9,3
DA:10,3
DA:11,3
DA:15,3
DA:16,3
DA:17,4
DA:18,1
DA:19,2
DA:23,3
DA:26,1
DA:27,0
DA:30,0
LF:15
LH:13
BRDA:26,0,0,0
BRDA:26,0,1,0
BRF:2
BRH:0
end_of_record
TN:
SF:src/state/clientState.ts
FN:49,(anonymous_17)
FN:50,(anonymous_18)
FN:59,(anonymous_21)
FN:76,(anonymous_22)
FN:76,(anonymous_23)
FN:76,(anonymous_25)
FN:80,(anonymous_26)
FN:80,(anonymous_27)
FN:80,(anonymous_29)
FN:84,(anonymous_30)
FN:86,(anonymous_33)
FN:99,(anonymous_34)
FN:100,(anonymous_37)
FN:108,(anonymous_38)
FN:108,(anonymous_41)
FN:112,(anonymous_42)
FN:112,(anonymous_43)
FN:112,(anonymous_45)
FN:116,(anonymous_46)
FN:116,(anonymous_49)
FN:120,(anonymous_50)
FN:120,(anonymous_51)
FN:120,(anonymous_53)
FN:128,(anonymous_54)
FN:129,(anonymous_55)
FN:150,(anonymous_56)
FN:151,(anonymous_57)
FN:153,(anonymous_58)
FN:169,(anonymous_59)
FN:181,(anonymous_60)
FNF:30
FNH:3
FNDA:1,(anonymous_17)
FNDA:0,(anonymous_18)
FNDA:0,(anonymous_21)
FNDA:0,(anonymous_22)
FNDA:0,(anonymous_23)
FNDA:0,(anonymous_25)
FNDA:0,(anonymous_26)
FNDA:0,(anonymous_27)
FNDA:0,(anonymous_29)
FNDA:0,(anonymous_30)
FNDA:0,(anonymous_33)
FNDA:0,(anonymous_34)
FNDA:0,(anonymous_37)
FNDA:0,(anonymous_38)
FNDA:0,(anonymous_41)
FNDA:0,(anonymous_42)
FNDA:0,(anonymous_43)
FNDA:0,(anonymous_45)
FNDA:0,(anonymous_46)
FNDA:0,(anonymous_49)
FNDA:0,(anonymous_50)
FNDA:0,(anonymous_51)
FNDA:0,(anonymous_53)
FNDA:1,(anonymous_54)
FNDA:0,(anonymous_55)
FNDA:0,(anonymous_56)
FNDA:0,(anonymous_57)
FNDA:0,(anonymous_58)
FNDA:1,(anonymous_59)
FNDA:0,(anonymous_60)
DA:1,1
DA:2,1
DA:3,1
DA:5,1
DA:6,1
DA:36,1
DA:49,1
DA:50,0
DA:51,0
DA:52,0
DA:54,0
DA:55,0
DA:56,0
DA:58,0
DA:59,0
DA:60,0
DA:61,0
DA:62,0
DA:64,0
DA:65,0
DA:66,0
DA:68,0
DA:69,0
DA:70,0
DA:71,0
DA:73,0
DA:76,0
DA:77,0
DA:78,0
DA:80,0
DA:81,0
DA:82,0
DA:84,0
DA:85,0
DA:86,0
DA:87,0
DA:88,0
DA:89,0
DA:90,0
DA:92,0
DA:94,0
DA:96,0
DA:99,0
DA:100,0
DA:101,0
DA:102,0
DA:103,0
DA:104,0
DA:108,0
DA:109,0
DA:110,0
DA:112,0
DA:113,0
DA:114,0
DA:116,0
DA:117,0
DA:118,0
DA:120,0
DA:121,0
DA:122,0
DA:126,1
DA:128,1
DA:129,0
DA:130,0
DA:131,0
DA:132,0
DA:134,0
DA:135,0
DA:136,0
DA:137,0
DA:138,0
DA:139,0
DA:140,0
DA:141,0
DA:145,0
DA:147,0
DA:151,0
DA:152,0
DA:153,0
DA:154,0
DA:155,0
DA:156,0
DA:158,0
DA:159,0
DA:160,0
DA:162,0
DA:169,1
DA:174,1
DA:181,1
DA:182,0
DA:183,0
DA:184,0
LF:92
LH:12
BRDA:50,0,0,0
BRDA:50,0,1,0
BRDA:51,1,0,0
BRDA:51,1,1,0
BRDA:55,2,0,0
BRDA:55,2,1,0
BRDA:55,3,0,0
BRDA:55,3,1,0
BRDA:55,4,0,0
BRDA:55,4,1,0
BRDA:60,5,0,0
BRDA:60,5,1,0
BRDA:61,6,0,0
BRDA:61,6,1,0
BRDA:64,7,0,0
BRDA:64,7,1,0
BRDA:64,8,0,0
BRDA:64,8,1,0
BRDA:70,9,0,0
BRDA:70,9,1,0
BRDA:76,10,0,0
BRDA:76,10,1,0
BRDA:80,11,0,0
BRDA:80,11,1,0
BRDA:85,12,0,0
BRDA:87,13,0,0
BRDA:87,13,1,0
BRDA:89,14,0,0
BRDA:89,14,1,0
BRDA:99,15,0,0
BRDA:99,15,1,0
BRDA:100,16,0,0
BRDA:103,17,0,0
BRDA:103,17,1,0
BRDA:108,18,0,0
BRDA:108,18,1,0
BRDA:112,19,0,0
BRDA:112,19,1,0
BRDA:116,20,0,0
BRDA:116,20,1,0
BRDA:116,21,0,0
BRDA:116,21,1,0
BRDA:117,22,0,0
BRDA:117,22,1,0
BRDA:117,23,0,0
BRDA:117,23,1,0
BRDA:120,24,0,0
BRDA:120,24,1,0
BRDA:131,25,0,0
BRDA:131,25,1,0
BRDA:134,26,0,0
BRDA:134,26,1,0
BRDA:134,27,0,0
BRDA:134,27,1,0
BRDA:135,28,0,0
BRDA:135,28,1,0
BRDA:138,29,0,0
BRDA:138,29,1,0
BRDA:138,30,0,0
BRDA:138,30,1,0
BRDA:140,31,0,0
BRDA:140,31,1,0
BRDA:154,32,0,0
BRDA:154,32,1,0
BRDA:159,33,0,0
BRDA:159,33,1,0
BRDA:183,34,0,0
BRDA:183,34,1,0
BRF:68
BRH:0
end_of_record
TN:
SF:src/state/clientStore.ts
FN:4,(anonymous_13)
FN:9,(anonymous_14)
FN:9,(anonymous_15)
FN:17,(anonymous_17)
FN:31,(anonymous_20)
FN:31,(anonymous_21)
FNF:6
FNH:5
FNDA:1,(anonymous_13)
FNDA:2,(anonymous_14)
FNDA:2,(anonymous_15)
FNDA:0,(anonymous_17)
FNDA:1,(anonymous_20)
FNDA:1,(anonymous_21)
DA:1,1
DA:2,1
DA:4,1
DA:5,1
DA:6,1
DA:9,2
DA:10,2
DA:11,2
DA:12,1
DA:14,2
DA:17,1
DA:18,0
DA:19,0
DA:20,0
DA:22,0
DA:23,0
DA:24,0
DA:25,0
DA:31,1
DA:32,1
DA:33,1
DA:34,0
DA:36,2
LF:23
LH:15
BRDA:11,0,0,1
BRDA:11,0,1,1
BRDA:19,1,0,0
BRDA:19,1,1,0
BRDA:33,2,0,0
BRDA:33,2,1,1
BRF:6
BRH:3
end_of_record
TN:
SF:src/state/guideState.ts
FN:40,(anonymous_17)
FN:41,(anonymous_18)
FN:41,(anonymous_19)
FN:41,(anonymous_21)
FN:45,(anonymous_22)
FN:45,(anonymous_25)
FN:60,(anonymous_26)
FN:60,(anonymous_27)
FN:60,(anonymous_29)
FN:64,(anonymous_30)
FN:64,(anonymous_33)
FN:71,(anonymous_34)
FN:71,(anonymous_35)
FN:71,(anonymous_37)
FN:75,(anonymous_38)
FN:75,(anonymous_39)
FN:79,(anonymous_41)
FN:87,(anonymous_42)
FN:87,(anonymous_43)
FN:87,(anonymous_45)
FN:91,(anonymous_46)
FN:102,(anonymous_49)
FN:117,(anonymous_50)
FN:123,(anonymous_51)
FNF:24
FNH:2
FNDA:1,(anonymous_17)
FNDA:0,(anonymous_18)
FNDA:0,(anonymous_19)
FNDA:0,(anonymous_21)
FNDA:0,(anonymous_22)
FNDA:0,(anonymous_25)
FNDA:0,(anonymous_26)
FNDA:0,(anonymous_27)
FNDA:0,(anonymous_29)
FNDA:0,(anonymous_30)
FNDA:0,(anonymous_33)
FNDA:0,(anonymous_34)
FNDA:0,(anonymous_35)
FNDA:0,(anonymous_37)
FNDA:0,(anonymous_38)
FNDA:0,(anonymous_39)
FNDA:0,(anonymous_41)
FNDA:0,(anonymous_42)
FNDA:0,(anonymous_43)
FNDA:0,(anonymous_45)
FNDA:0,(anonymous_46)
FNDA:0,(anonymous_49)
FNDA:1,(anonymous_50)
FNDA:0,(anonymous_51)
DA:2,1
DA:3,1
DA:4,1
DA:5,1
DA:6,1
DA:29,1
DA:40,1
DA:41,0
DA:42,0
DA:43,0
DA:45,0
DA:47,0
DA:48,0
DA:49,0
DA:50,0
DA:52,0
DA:53,0
DA:54,0
DA:55,0
DA:57,0
DA:60,0
DA:61,0
DA:62,0
DA:64,0
DA:65,0
DA:66,0
DA:67,0
DA:68,0
DA:71,0
DA:72,0
DA:73,0
DA:75,0
DA:76,0
DA:77,0
DA:78,0
DA:79,0
DA:80,0
DA:81,0
DA:82,0
DA:83,0
DA:84,0
DA:87,0
DA:88,0
DA:89,0
DA:91,0
DA:92,0
DA:93,0
DA:94,0
DA:95,0
DA:98,0
DA:99,0
DA:100,0
DA:102,0
DA:103,0
DA:104,0
DA:105,0
DA:106,0
DA:107,0
DA:109,0
DA:111,0
DA:116,1
DA:117,1
DA:123,1
DA:124,0
DA:125,0
DA:127,0
DA:128,0
DA:129,0
LF:68
LH:10
BRDA:41,0,0,0
BRDA:41,0,1,0
BRDA:45,1,0,0
BRDA:45,1,1,0
BRDA:45,2,0,0
BRDA:45,2,1,0
BRDA:47,3,0,0
BRDA:47,3,1,0
BRDA:49,4,0,0
BRDA:49,4,1,0
BRDA:49,5,0,0
BRDA:49,5,1,0
BRDA:49,6,0,0
BRDA:49,6,1,0
BRDA:49,7,0,0
BRDA:49,7,1,0
BRDA:52,8,0,0
BRDA:52,8,1,0
BRDA:54,9,0,0
BRDA:54,9,1,0
BRDA:60,10,0,0
BRDA:60,10,1,0
BRDA:64,11,0,0
BRDA:64,11,1,0
BRDA:64,12,0,0
BRDA:64,12,1,0
BRDA:67,13,0,0
BRDA:67,13,1,0
BRDA:71,14,0,0
BRDA:71,14,1,0
BRDA:78,15,0,0
BRDA:78,15,1,0
BRDA:78,16,0,0
BRDA:78,16,1,0
BRDA:87,17,0,0
BRDA:87,17,1,0
BRDA:94,18,0,0
BRDA:94,18,1,0
BRDA:99,19,0,0
BRDA:99,19,1,0
BRDA:99,20,0,0
BRDA:99,20,1,0
BRDA:104,21,0,0
BRDA:104,21,1,0
BRDA:104,22,0,0
BRDA:104,22,1,0
BRDA:105,23,0,0
BRDA:105,23,1,0
BRDA:105,24,0,0
BRDA:105,24,1,0
BRDA:106,25,0,0
BRDA:106,25,1,0
BRDA:106,26,0,0
BRDA:106,26,1,0
BRDA:124,27,0,0
BRDA:124,27,1,0
BRDA:128,28,0,0
BRDA:128,28,1,0
BRF:58
BRH:0
end_of_record
TN:
SF:src/state/guideStore.ts
FN:7,(anonymous_13)
FN:7,(anonymous_14)
FN:7,(anonymous_15)
FN:9,(anonymous_16)
FN:9,(anonymous_17)
FN:18,(anonymous_19)
FN:18,(anonymous_20)
FN:26,(anonymous_22)
FN:26,(anonymous_23)
FN:31,(anonymous_25)
FN:31,(anonymous_26)
FN:39,(anonymous_28)
FN:39,(anonymous_29)
FN:50,(anonymous_31)
FN:50,(anonymous_32)
FN:54,(anonymous_34)
FN:59,(anonymous_37)
FN:59,(anonymous_38)
FN:69,(anonymous_40)
FN:69,(anonymous_41)
FN:77,(anonymous_43)
FNF:21
FNH:0
FNDA:0,(anonymous_13)
FNDA:0,(anonymous_14)
FNDA:0,(anonymous_15)
FNDA:0,(anonymous_16)
FNDA:0,(anonymous_17)
FNDA:0,(anonymous_19)
FNDA:0,(anonymous_20)
FNDA:0,(anonymous_22)
FNDA:0,(anonymous_23)
FNDA:0,(anonymous_25)
FNDA:0,(anonymous_26)
FNDA:0,(anonymous_28)
FNDA:0,(anonymous_29)
FNDA:0,(anonymous_31)
FNDA:0,(anonymous_32)
FNDA:0,(anonymous_34)
FNDA:0,(anonymous_37)
FNDA:0,(anonymous_38)
FNDA:0,(anonymous_40)
FNDA:0,(anonymous_41)
FNDA:0,(anonymous_43)
DA:1,1
DA:2,1
DA:7,1
DA:9,1
DA:10,0
DA:11,0
DA:12,0
DA:14,0
DA:15,0
DA:18,1
DA:19,0
DA:20,0
DA:21,0
DA:23,0
DA:26,1
DA:27,0
DA:28,0
DA:31,1
DA:32,0
DA:33,0
DA:34,0
DA:36,0
DA:39,1
DA:40,0
DA:41,0
DA:42,0
DA:43,0
DA:44,0
DA:45,0
DA:46,0
DA:47,0
DA:50,1
DA:51,0
DA:54,1
DA:55,0
DA:56,0
DA:59,1
DA:60,0
DA:61,0
DA:62,0
DA:63,0
DA:65,0
DA:66,0
DA:69,1
DA:70,0
DA:71,0
DA:72,0
DA:74,0
DA:77,1
DA:78,0
DA:79,0
DA:81,0
DA:82,0
DA:83,0
DA:84,0
LF:55
LH:13
BRDA:11,0,0,0
BRDA:11,0,1,0
BRDA:23,1,0,0
BRDA:20,2,0,0
BRDA:20,2,1,0
BRDA:27,3,0,0
BRDA:28,4,0,0
BRDA:28,4,1,0
BRDA:33,5,0,0
BRDA:33,5,1,0
BRDA:33,6,0,0
BRDA:33,6,1,0
BRDA:33,7,0,0
BRDA:33,7,1,0
BRDA:40,8,0,0
BRDA:51,9,0,0
BRDA:51,10,0,0
BRDA:51,10,1,0
BRDA:61,11,0,0
BRDA:61,11,1,0
BRDA:71,12,0,0
BRDA:71,12,1,0
BRDA:71,13,0,0
BRDA:71,13,1,0
BRDA:71,14,0,0
BRDA:71,14,1,0
BRF:26
BRH:0
end_of_record
TN:
SF:src/state/linkState.ts
FN:44,(anonymous_16)
FN:45,(anonymous_17)
FN:45,(anonymous_18)
FN:45,(anonymous_20)
FN:49,(anonymous_21)
FN:49,(anonymous_22)
FN:49,(anonymous_24)
FN:54,(anonymous_25)
FN:54,(anonymous_28)
FN:59,(anonymous_29)
FN:59,(anonymous_32)
FN:64,(anonymous_33)
FN:64,(anonymous_36)
FN:69,(anonymous_37)
FN:69,(anonymous_40)
FN:74,(anonymous_41)
FN:74,(anonymous_42)
FN:74,(anonymous_44)
FN:78,(anonymous_45)
FN:78,(anonymous_46)
FN:78,(anonymous_48)
FN:82,(anonymous_49)
FN:82,(anonymous_50)
FN:82,(anonymous_52)
FN:89,(anonymous_53)
FN:95,(anonymous_54)
FNF:26
FNH:2
FNDA:1,(anonymous_16)
FNDA:0,(anonymous_17)
FNDA:0,(anonymous_18)
FNDA:0,(anonymous_20)
FNDA:0,(anonymous_21)
FNDA:0,(anonymous_22)
FNDA:0,(anonymous_24)
FNDA:0,(anonymous_25)
FNDA:0,(anonymous_28)
FNDA:0,(anonymous_29)
FNDA:0,(anonymous_32)
FNDA:0,(anonymous_33)
FNDA:0,(anonymous_36)
FNDA:0,(anonymous_37)
FNDA:0,(anonymous_40)
FNDA:0,(anonymous_41)
FNDA:0,(anonymous_42)
FNDA:0,(anonymous_44)
FNDA:0,(anonymous_45)
FNDA:0,(anonymous_46)
FNDA:0,(anonymous_48)
FNDA:0,(anonymous_49)
FNDA:0,(anonymous_50)
FNDA:0,(anonymous_52)
FNDA:1,(anonymous_53)
FNDA:0,(anonymous_54)
DA:1,1
DA:2,1
DA:3,1
DA:4,1
DA:6,2
DA:32,1
DA:44,1
DA:45,0
DA:46,0
DA:47,0
DA:49,0
DA:50,0
DA:51,0
DA:52,0
DA:54,0
DA:55,0
DA:56,0
DA:59,0
DA:60,0
DA:61,0
DA:64,0
DA:65,0
DA:66,0
DA:69,0
DA:70,0
DA:71,0
DA:74,0
DA:75,0
DA:76,0
DA:78,0
DA:79,0
DA:80,0
DA:82,0
DA:83,0
DA:84,0
DA:88,1
DA:89,1
DA:95,1
DA:96,0
DA:97,0
DA:99,0
DA:100,0
DA:101,0
LF:43
LH:10
BRDA:45,0,0,0
BRDA:45,0,1,0
BRDA:49,1,0,0
BRDA:49,1,1,0
BRDA:54,2,0,0
BRDA:54,2,1,0
BRDA:55,3,0,0
BRDA:55,3,1,0
BRDA:55,4,0,0
BRDA:55,4,1,0
BRDA:55,4,2,0
BRDA:59,5,0,0
BRDA:59,5,1,0
BRDA:60,6,0,0
BRDA:60,6,1,0
BRDA:60,7,0,0
BRDA:60,7,1,0
BRDA:60,7,2,0
BRDA:64,8,0,0
BRDA:64,8,1,0
BRDA:65,9,0,0
BRDA:65,9,1,0
BRDA:65,10,0,0
BRDA:65,10,1,0
BRDA:65,10,2,0
BRDA:69,11,0,0
BRDA:69,11,1,0
BRDA:70,12,0,0
BRDA:70,12,1,0
BRDA:70,13,0,0
BRDA:70,13,1,0
BRDA:70,13,2,0
BRDA:74,14,0,0
BRDA:74,14,1,0
BRDA:78,15,0,0
BRDA:78,15,1,0
BRDA:82,16,0,0
BRDA:82,16,1,0
BRDA:96,17,0,0
BRDA:96,17,1,0
BRDA:100,18,0,0
BRDA:100,18,1,0
BRF:42
BRH:0
end_of_record
TN:
SF:src/state/linkStore.ts
FN:6,(anonymous_16)
FN:18,(anonymous_17)
FN:25,(anonymous_18)
FN:32,(anonymous_21)
FN:32,(anonymous_22)
FN:40,(anonymous_24)
FN:40,(anonymous_25)
FN:45,(anonymous_27)
FN:50,(anonymous_28)
FN:50,(anonymous_29)
FN:63,(anonymous_31)
FN:71,(anonymous_32)
FN:79,(anonymous_35)
FN:79,(anonymous_36)
FN:98,(anonymous_38)
FN:103,(anonymous_41)
FN:103,(anonymous_42)
FN:108,(anonymous_43)
FN:108,(anonymous_44)
FN:112,(anonymous_46)
FNF:20
FNH:0
FNDA:0,(anonymous_16)
FNDA:0,(anonymous_17)
FNDA:0,(anonymous_18)
FNDA:0,(anonymous_21)
FNDA:0,(anonymous_22)
FNDA:0,(anonymous_24)
FNDA:0,(anonymous_25)
FNDA:0,(anonymous_27)
FNDA:0,(anonymous_28)
FNDA:0,(anonymous_29)
FNDA:0,(anonymous_31)
FNDA:0,(anonymous_32)
FNDA:0,(anonymous_35)
FNDA:0,(anonymous_36)
FNDA:0,(anonymous_38)
FNDA:0,(anonymous_41)
FNDA:0,(anonymous_42)
FNDA:0,(anonymous_43)
FNDA:0,(anonymous_44)
FNDA:0,(anonymous_46)
DA:1,1
DA:2,1
DA:3,1
DA:4,1
DA:6,1
DA:7,0
DA:8,0
DA:9,0
DA:11,0
DA:12,0
DA:14,0
DA:18,1
DA:19,0
DA:20,0
DA:21,0
DA:25,1
DA:26,0
DA:27,0
DA:28,0
DA:32,1
DA:33,0
DA:34,0
DA:35,0
DA:37,0
DA:40,1
DA:41,0
DA:42,0
DA:45,1
DA:46,0
DA:47,0
DA:50,1
DA:51,0
DA:52,0
DA:53,0
DA:54,0
DA:55,0
DA:56,0
DA:57,0
DA:58,0
DA:59,0
DA:60,0
DA:63,1
DA:64,0
DA:65,0
DA:66,0
DA:68,0
DA:71,1
DA:72,0
DA:73,0
DA:74,0
DA:75,0
DA:79,1
DA:81,0
DA:82,0
DA:83,0
DA:84,0
DA:85,0
DA:86,0
DA:88,0
DA:90,0
DA:91,0
DA:95,1
DA:98,1
DA:99,0
DA:100,0
DA:103,1
DA:104,0
DA:105,0
DA:108,1
DA:109,0
DA:112,1
DA:113,0
DA:114,0
DA:115,0
DA:116,0
DA:118,0
DA:119,0
LF:77
LH:19
BRDA:9,0,0,0
BRDA:9,0,1,0
BRDA:11,1,0,0
BRDA:11,1,1,0
BRDA:20,2,0,0
BRDA:20,2,1,0
BRDA:25,3,0,0
BRDA:25,3,1,0
BRDA:27,4,0,0
BRDA:27,4,1,0
BRDA:34,5,0,0
BRDA:34,5,1,0
BRDA:41,6,0,0
BRDA:59,7,0,0
BRDA:59,7,1,0
BRDA:59,8,0,0
BRDA:59,8,1,0
BRDA:65,9,0,0
BRDA:65,9,1,0
BRDA:65,10,0,0
BRDA:65,10,1,0
BRDA:65,11,0,0
BRDA:65,11,1,0
BRDA:65,12,0,0
BRDA:65,12,1,0
BRDA:65,13,0,0
BRDA:65,13,1,0
BRDA:74,14,0,0
BRDA:74,14,1,0
BRDA:88,15,0,0
BRDA:88,15,1,0
BRDA:84,16,0,0
BRDA:84,16,1,0
BRDA:85,17,0,0
BRDA:85,17,1,0
BRDA:98,18,0,0
BRDA:98,18,1,0
BRDA:99,19,0,0
BRDA:100,20,0,0
BRDA:100,20,1,0
BRDA:100,21,0,0
BRDA:100,21,1,0
BRDA:109,22,0,0
BRDA:115,23,0,0
BRDA:115,23,1,0
BRF:45
BRH:0
end_of_record
TN:
SF:src/state/presetStore.ts
FN:9,(anonymous_13)
FN:10,(anonymous_14)
FN:16,(anonymous_15)
FN:16,(anonymous_16)
FN:24,(anonymous_18)
FN:24,(anonymous_19)
FN:35,(anonymous_21)
FN:35,(anonymous_22)
FN:39,(anonymous_24)
FN:58,(anonymous_27)
FN:58,(anonymous_28)
FN:68,(anonymous_30)
FN:68,(anonymous_31)
FN:77,(anonymous_33)
FN:77,(anonymous_34)
FNF:15
FNH:0
FNDA:0,(anonymous_13)
FNDA:0,(anonymous_14)
FNDA:0,(anonymous_15)
FNDA:0,(anonymous_16)
FNDA:0,(anonymous_18)
FNDA:0,(anonymous_19)
FNDA:0,(anonymous_21)
FNDA:0,(anonymous_22)
FNDA:0,(anonymous_24)
FNDA:0,(anonymous_27)
FNDA:0,(anonymous_28)
FNDA:0,(anonymous_30)
FNDA:0,(anonymous_31)
FNDA:0,(anonymous_33)
FNDA:0,(anonymous_34)
DA:1,1
DA:3,1
DA:7,1
DA:9,1
DA:10,0
DA:11,0
DA:12,0
DA:16,1
DA:17,0
DA:18,0
DA:20,0
DA:21,0
DA:24,1
DA:25,0
DA:26,0
DA:27,0
DA:35,1
DA:36,0
DA:39,1
DA:40,0
DA:41,0
DA:42,0
DA:44,0
DA:45,0
DA:46,0
DA:47,0
DA:48,0
DA:49,0
DA:50,0
DA:52,0
DA:53,0
DA:55,0
DA:58,1
DA:59,0
DA:60,0
DA:61,0
DA:63,0
DA:64,0
DA:65,0
DA:68,1
DA:69,0
DA:77,1
DA:78,0
DA:79,0
DA:80,0
DA:82,0
DA:83,0
DA:84,0
DA:85,0
DA:86,0
DA:88,0
DA:89,0
LF:52
LH:11
BRDA:9,0,0,0
BRDA:9,0,1,0
BRDA:11,1,0,0
BRDA:11,1,1,0
BRDA:11,2,0,0
BRDA:11,2,1,0
BRDA:17,3,0,0
BRDA:17,3,1,0
BRDA:25,4,0,0
BRDA:36,5,0,0
BRDA:39,6,0,0
BRDA:39,6,1,0
BRDA:52,7,0,0
BRDA:41,8,0,0
BRDA:41,8,1,0
BRDA:41,9,0,0
BRDA:41,9,1,0
BRDA:41,10,0,0
BRDA:41,10,1,0
BRDA:46,11,0,0
BRDA:46,11,1,0
BRDA:48,12,0,0
BRDA:48,12,1,0
BRDA:60,13,0,0
BRDA:60,13,1,0
BRDA:60,14,0,0
BRDA:60,14,1,0
BRDA:60,15,0,0
BRDA:60,15,1,0
BRDA:79,16,0,0
BRDA:79,16,1,0
BRDA:79,17,0,0
BRDA:79,17,1,0
BRDA:79,18,0,0
BRDA:79,18,1,0
BRDA:85,19,0,0
BRDA:85,19,1,0
BRF:37
BRH:0
end_of_record
TN:
SF:src/state/sessionState.ts
FN:40,(anonymous_17)
FN:41,(anonymous_18)
FN:41,(anonymous_19)
FN:42,(anonymous_21)
FN:47,(anonymous_22)
FN:47,(anonymous_25)
FN:52,(anonymous_26)
FN:52,(anonymous_29)
FN:65,(anonymous_30)
FN:65,(anonymous_31)
FN:65,(anonymous_33)
FN:71,(anonymous_34)
FN:78,(anonymous_35)
FN:79,(anonymous_36)
FN:97,(anonymous_37)
FN:98,(anonymous_38)
FN:99,(anonymous_39)
FN:108,(anonymous_40)
FN:120,(anonymous_41)
FNF:19
FNH:5
FNDA:1,(anonymous_17)
FNDA:0,(anonymous_18)
FNDA:0,(anonymous_19)
FNDA:0,(anonymous_21)
FNDA:0,(anonymous_22)
FNDA:0,(anonymous_25)
FNDA:0,(anonymous_26)
FNDA:0,(anonymous_29)
FNDA:0,(anonymous_30)
FNDA:0,(anonymous_31)
FNDA:0,(anonymous_33)
FNDA:1,(anonymous_34)
FNDA:1,(anonymous_35)
FNDA:0,(anonymous_36)
FNDA:1,(anonymous_37)
FNDA:1,(anonymous_38)
FNDA:0,(anonymous_39)
FNDA:0,(anonymous_40)
FNDA:0,(anonymous_41)
DA:1,1
DA:3,1
DA:5,1
DA:6,1
DA:14,1
DA:32,1
DA:40,1
DA:41,0
DA:42,0
DA:43,0
DA:44,0
DA:47,0
DA:48,0
DA:49,0
DA:50,0
DA:52,0
DA:53,0
DA:54,0
DA:55,0
DA:57,0
DA:58,0
DA:59,0
DA:60,0
DA:63,0
DA:65,0
DA:66,0
DA:67,0
DA:71,1
DA:76,1
DA:78,1
DA:80,0
DA:81,0
DA:82,0
DA:83,0
DA:84,0
DA:85,0
DA:86,0
DA:87,0
DA:88,0
DA:91,0
DA:93,0
DA:94,0
DA:98,1
DA:99,1
DA:100,0
DA:101,0
DA:102,0
DA:104,0
DA:109,0
DA:113,1
DA:120,1
DA:121,0
DA:122,0
DA:123,0
LF:54
LH:14
BRDA:42,0,0,0
BRDA:47,1,0,0
BRDA:47,1,1,0
BRDA:47,2,0,0
BRDA:47,2,1,0
BRDA:48,3,0,0
BRDA:48,3,1,0
BRDA:48,4,0,0
BRDA:48,4,1,0
BRDA:52,5,0,0
BRDA:52,5,1,0
BRDA:52,6,0,0
BRDA:52,6,1,0
BRDA:54,7,0,0
BRDA:54,7,1,0
BRDA:58,8,0,0
BRDA:58,8,1,0
BRDA:65,9,0,0
BRDA:65,9,1,0
BRDA:81,10,0,0
BRDA:81,10,1,0
BRDA:85,11,0,0
BRDA:85,11,1,0
BRDA:85,12,0,0
BRDA:85,12,1,0
BRDA:87,13,0,0
BRDA:87,13,1,0
BRDA:93,14,0,0
BRDA:93,14,1,0
BRDA:100,15,0,0
BRDA:100,15,1,0
BRDA:122,16,0,0
BRDA:122,16,1,0
BRF:33
BRH:0
end_of_record
TN:
SF:src/state/sessionStore.ts
FN:11,(anonymous_14)
FN:11,(anonymous_15)
FN:15,(anonymous_17)
FN:15,(anonymous_18)
FN:29,(anonymous_20)
FN:29,(anonymous_21)
FN:43,(anonymous_23)
FN:48,(anonymous_24)
FN:54,(anonymous_27)
FN:80,(anonymous_30)
FN:97,(anonymous_33)
FNF:11
FNH:0
FNDA:0,(anonymous_14)
FNDA:0,(anonymous_15)
FNDA:0,(anonymous_17)
FNDA:0,(anonymous_18)
FNDA:0,(anonymous_20)
FNDA:0,(anonymous_21)
FNDA:0,(anonymous_23)
FNDA:0,(anonymous_24)
FNDA:0,(anonymous_27)
FNDA:0,(anonymous_30)
FNDA:0,(anonymous_33)
DA:1,1
DA:2,1
DA:6,1
DA:11,1
DA:12,0
DA:15,1
DA:16,0
DA:17,0
DA:18,0
DA:19,0
DA:21,0
DA:22,0
DA:23,0
DA:24,0
DA:26,0
DA:29,1
DA:30,0
DA:31,0
DA:32,0
DA:33,0
DA:34,0
DA:36,0
DA:37,0
DA:40,0
DA:43,1
DA:44,0
DA:45,0
DA:48,1
DA:49,0
DA:50,0
DA:51,0
DA:54,1
DA:55,0
DA:56,0
DA:58,0
DA:59,0
DA:60,0
DA:62,0
DA:63,0
DA:64,0
DA:65,0
DA:67,0
DA:68,0
DA:69,0
DA:80,1
DA:81,0
DA:83,0
DA:84,0
DA:85,0
DA:86,0
DA:92,0
DA:93,0
DA:94,0
DA:97,1
DA:98,0
DA:99,0
DA:100,0
DA:101,0
DA:103,0
DA:104,0
DA:105,0
LF:61
LH:11
BRDA:12,0,0,0
BRDA:16,1,0,0
BRDA:16,1,1,0
BRDA:17,2,0,0
BRDA:17,2,1,0
BRDA:21,3,0,0
BRDA:21,3,1,0
BRDA:22,4,0,0
BRDA:22,4,1,0
BRDA:32,5,0,0
BRDA:32,5,1,0
BRDA:36,6,0,0
BRDA:36,6,1,0
BRDA:58,7,0,0
BRDA:58,7,1,0
BRDA:80,8,0,0
BRDA:80,8,1,0
BRDA:85,9,0,0
BRDA:85,9,1,0
BRDA:94,10,0,0
BRDA:94,10,1,0
BRDA:99,11,0,0
BRDA:99,11,1,0
BRF:23
BRH:0
end_of_record
